<?xml version="1.0" encoding="UTF-8"?>
<coverage generated="1780425104077" clover="3.2.0">
  <project timestamp="1780425104077" name="All files">
    <metrics statements="655" coveredstatements="528" conditionals="611" coveredconditionals="459" methods="249" coveredmethods="191" elements="1515" coveredelements="1178" complexity="0" loc="655" ncloc="655" packages="3" files="16" classes="16"/>
    <package name="src">
      <metrics statements="172" coveredstatements="145" conditionals="182" coveredconditionals="146" methods="73" coveredmethods="66"/>
      <file name="App.tsx" path="D:\IdeaProjects\planning-poker\src\App.tsx">
        <metrics statements="25" coveredstatements="0" conditionals="14" coveredconditionals="0" methods="6" coveredmethods="0"/>
        <line num="17" count="0" type="stmt"/>
        <line num="18" count="0" type="stmt"/>
        <line num="19" count="0" type="cond" truecount="0" falsecount="2"/>
        <line num="22" count="0" type="stmt"/>
        <line num="23" count="0" type="cond" truecount="0" falsecount="2"/>
        <line num="24" count="0" type="stmt"/>
        <line num="29" count="0" type="stmt"/>
        <line num="32" count="0" type="stmt"/>
        <line num="33" count="0" type="cond" truecount="0" falsecount="2"/>
        <line num="34" count="0" type="stmt"/>
        <line num="42" count="0" type="stmt"/>
        <line num="46" count="0" type="stmt"/>
        <line num="48" count="0" type="stmt"/>
        <line num="50" count="0" type="cond" truecount="0" falsecount="2"/>
        <line num="51" count="0" type="stmt"/>
        <line num="53" count="0" type="stmt"/>
        <line num="55" count="0" type="stmt"/>
        <line num="66" count="0" type="cond" truecount="0" falsecount="2"/>
        <line num="67" count="0" type="stmt"/>
        <line num="71" count="0" type="stmt"/>
        <line num="82" count="0" type="cond" truecount="0" falsecount="2"/>
        <line num="83" count="0" type="stmt"/>
        <line num="92" count="0" type="cond" truecount="0" falsecount="2"/>
        <line num="93" count="0" type="stmt"/>
        <line num="103" count="0" type="stmt"/>
      </file>
      <file name="cardColors.ts" path="D:\IdeaProjects\planning-poker\src\cardColors.ts">
        <metrics statements="3" coveredstatements="3" conditionals="2" coveredconditionals="1" methods="2" coveredmethods="2"/>
        <line num="12" count="5" type="stmt"/>
        <line num="24" count="45" type="stmt"/>
        <line num="27" count="17" type="cond" truecount="1" falsecount="1"/>
      </file>
      <file name="gameLogic.ts" path="D:\IdeaProjects\planning-poker\src\gameLogic.ts">
        <metrics statements="72" coveredstatements="72" conditionals="62" coveredconditionals="59" methods="45" coveredmethods="45"/>
        <line num="5" count="5" type="stmt"/>
        <line num="8" count="50" type="stmt"/>
        <line num="9" count="50" type="stmt"/>
        <line num="10" count="300" type="stmt"/>
        <line num="16" count="71" type="stmt"/>
        <line num="19" count="394" type="cond" truecount="2" falsecount="0"/>
        <line num="20" count="394" type="stmt"/>
        <line num="32" count="19" type="stmt"/>
        <line num="33" count="32" type="cond" truecount="3" falsecount="0"/>
        <line num="34" count="27" type="stmt"/>
        <line num="35" count="19" type="cond" truecount="2" falsecount="0"/>
        <line num="36" count="27" type="stmt"/>
        <line num="42" count="16" type="stmt"/>
        <line num="43" count="26" type="cond" truecount="2" falsecount="0"/>
        <line num="44" count="23" type="stmt"/>
        <line num="45" count="16" type="cond" truecount="2" falsecount="0"/>
        <line num="46" count="14" type="stmt"/>
        <line num="47" count="23" type="stmt"/>
        <line num="48" count="23" type="cond" truecount="2" falsecount="0"/>
        <line num="49" count="23" type="stmt"/>
        <line num="51" count="14" type="stmt"/>
        <line num="52" count="14" type="stmt"/>
        <line num="60" count="6" type="stmt"/>
        <line num="76" count="25" type="stmt"/>
        <line num="77" count="25" type="stmt"/>
        <line num="79" count="63" type="cond" truecount="3" falsecount="0"/>
        <line num="83" count="25" type="stmt"/>
        <line num="84" count="1" type="cond" truecount="2" falsecount="0"/>
        <line num="86" count="25" type="cond" truecount="2" falsecount="0"/>
        <line num="92" count="3" type="stmt"/>
        <line num="98" count="2" type="stmt"/>
        <line num="102" count="3" type="stmt"/>
        <line num="103" count="2" type="stmt"/>
        <line num="110" count="3" type="stmt"/>
        <line num="112" count="3" type="cond" truecount="4" falsecount="0"/>
        <line num="113" count="3" type="stmt"/>
        <line num="117" count="2" type="stmt"/>
        <line num="118" count="4" type="stmt"/>
        <line num="120" count="2" type="cond" truecount="2" falsecount="0"/>
        <line num="121" count="2" type="stmt"/>
        <line num="125" count="3" type="cond" truecount="2" falsecount="0"/>
        <line num="126" count="2" type="stmt"/>
        <line num="127" count="2" type="stmt"/>
        <line num="129" count="2" type="cond" truecount="5" falsecount="0"/>
        <line num="131" count="1" type="stmt"/>
        <line num="132" count="1" type="cond" truecount="1" falsecount="1"/>
        <line num="140" count="1" type="stmt"/>
        <line num="143" count="2" type="stmt"/>
        <line num="147" count="1" type="stmt"/>
        <line num="149" count="2" type="cond" truecount="2" falsecount="0"/>
        <line num="156" count="2" type="stmt"/>
        <line num="157" count="2" type="cond" truecount="1" falsecount="1"/>
        <line num="158" count="2" type="stmt"/>
        <line num="159" count="2" type="stmt"/>
        <line num="160" count="3" type="cond" truecount="2" falsecount="0"/>
        <line num="164" count="2" type="stmt"/>
        <line num="165" count="3" type="cond" truecount="3" falsecount="0"/>
        <line num="167" count="2" type="stmt"/>
        <line num="168" count="3" type="stmt"/>
        <line num="169" count="3" type="stmt"/>
        <line num="171" count="2" type="cond" truecount="2" falsecount="0"/>
        <line num="172" count="1" type="stmt"/>
        <line num="181" count="1" type="stmt"/>
        <line num="193" count="2" type="stmt"/>
        <line num="194" count="1" type="stmt"/>
        <line num="195" count="1" type="stmt"/>
        <line num="203" count="1" type="stmt"/>
        <line num="204" count="1" type="stmt"/>
        <line num="209" count="5" type="stmt"/>
        <line num="211" count="13" type="cond" truecount="2" falsecount="0"/>
        <line num="216" count="1" type="stmt"/>
        <line num="218" count="2" type="cond" truecount="2" falsecount="0"/>
      </file>
      <file name="storage.ts" path="D:\IdeaProjects\planning-poker\src\storage.ts">
        <metrics statements="25" coveredstatements="25" conditionals="8" coveredconditionals="7" methods="12" coveredmethods="12"/>
        <line num="3" count="3" type="stmt"/>
        <line num="4" count="3" type="stmt"/>
        <line num="5" count="3" type="stmt"/>
        <line num="20" count="69" type="cond" truecount="2" falsecount="0"/>
        <line num="21" count="11" type="stmt"/>
        <line num="22" count="11" type="stmt"/>
        <line num="24" count="2" type="stmt"/>
        <line num="28" count="3" type="stmt"/>
        <line num="30" count="43" type="stmt"/>
        <line num="33" count="23" type="stmt"/>
        <line num="36" count="3" type="stmt"/>
        <line num="39" count="2" type="stmt"/>
        <line num="40" count="2" type="cond" truecount="2" falsecount="0"/>
        <line num="41" count="1" type="stmt"/>
        <line num="42" count="1" type="stmt"/>
        <line num="45" count="1" type="stmt"/>
        <line num="46" count="1" type="cond" truecount="1" falsecount="1"/>
        <line num="47" count="1" type="stmt"/>
        <line num="48" count="1" type="stmt"/>
        <line num="51" count="5" type="stmt"/>
        <line num="54" count="10" type="stmt"/>
        <line num="57" count="4" type="stmt"/>
        <line num="60" count="21" type="cond" truecount="2" falsecount="0"/>
        <line num="63" count="19" type="stmt"/>
        <line num="66" count="2" type="stmt"/>
      </file>
      <file name="types.ts" path="D:\IdeaProjects\planning-poker\src\types.ts">
        <metrics statements="47" coveredstatements="45" conditionals="96" coveredconditionals="79" methods="8" coveredmethods="7"/>
        <line num="3" count="10" type="stmt"/>
        <line num="5" count="10" type="stmt"/>
        <line num="6" count="10" type="stmt"/>
        <line num="12" count="101" type="cond" truecount="3" falsecount="1"/>
        <line num="13" count="101" type="stmt"/>
        <line num="14" count="101" type="stmt"/>
        <line num="20" count="0" type="stmt"/>
        <line num="21" count="0" type="stmt"/>
        <line num="46" count="10" type="stmt"/>
        <line num="49" count="3" type="cond" truecount="2" falsecount="0"/>
        <line num="53" count="4" type="cond" truecount="3" falsecount="1"/>
        <line num="54" count="4" type="stmt"/>
        <line num="55" count="4" type="cond" truecount="4" falsecount="0"/>
        <line num="56" count="3" type="cond" truecount="4" falsecount="1"/>
        <line num="57" count="3" type="cond" truecount="1" falsecount="1"/>
        <line num="58" count="3" type="cond" truecount="4" falsecount="0"/>
        <line num="59" count="2" type="cond" truecount="2" falsecount="2"/>
        <line num="60" count="2" type="cond" truecount="2" falsecount="2"/>
        <line num="61" count="2" type="stmt"/>
        <line num="65" count="2" type="cond" truecount="3" falsecount="1"/>
        <line num="66" count="2" type="stmt"/>
        <line num="67" count="2" type="cond" truecount="3" falsecount="1"/>
        <line num="68" count="2" type="cond" truecount="1" falsecount="1"/>
        <line num="69" count="2" type="cond" truecount="1" falsecount="1"/>
        <line num="70" count="2" type="cond" truecount="5" falsecount="0"/>
        <line num="71" count="1" type="stmt"/>
        <line num="75" count="7" type="cond" truecount="3" falsecount="1"/>
        <line num="76" count="7" type="stmt"/>
        <line num="77" count="7" type="cond" truecount="4" falsecount="0"/>
        <line num="78" count="5" type="cond" truecount="1" falsecount="1"/>
        <line num="79" count="5" type="cond" truecount="4" falsecount="0"/>
        <line num="80" count="4" type="cond" truecount="4" falsecount="0"/>
        <line num="81" count="3" type="cond" truecount="2" falsecount="2"/>
        <line num="82" count="3" type="cond" truecount="2" falsecount="0"/>
        <line num="83" count="2" type="cond" truecount="3" falsecount="1"/>
        <line num="84" count="2" type="stmt"/>
        <line num="116" count="28" type="stmt"/>
        <line num="120" count="53" type="cond" truecount="4" falsecount="0"/>
        <line num="121" count="51" type="stmt"/>
        <line num="122" count="51" type="cond" truecount="9" falsecount="0"/>
        <line num="124" count="25" type="stmt"/>
        <line num="132" count="3" type="stmt"/>
        <line num="134" count="3" type="stmt"/>
        <line num="136" count="9" type="stmt"/>
        <line num="140" count="3" type="stmt"/>
        <line num="142" count="7" type="stmt"/>
        <line num="144" count="1" type="stmt"/>
      </file>
    </package>
    <package name="src.components">
      <metrics statements="202" coveredstatements="185" conditionals="287" coveredconditionals="251" methods="86" coveredmethods="81"/>
      <file name="CardDeck.tsx" path="D:\IdeaProjects\planning-poker\src\components\CardDeck.tsx">
        <metrics statements="11" coveredstatements="11" conditionals="18" coveredconditionals="18" methods="4" coveredmethods="4"/>
        <line num="17" count="24" type="stmt"/>
        <line num="18" count="24" type="stmt"/>
        <line num="19" count="6" type="cond" truecount="5" falsecount="0"/>
        <line num="20" count="5" type="cond" truecount="2" falsecount="0"/>
        <line num="21" count="4" type="stmt"/>
        <line num="22" count="4" type="stmt"/>
        <line num="25" count="24" type="stmt"/>
        <line num="28" count="216" type="stmt"/>
        <line num="29" count="216" type="stmt"/>
        <line num="30" count="216" type="stmt"/>
        <line num="33" count="3" type="cond" truecount="2" falsecount="0"/>
      </file>
      <file name="GuestRoom.tsx" path="D:\IdeaProjects\planning-poker\src\components\GuestRoom.tsx">
        <metrics statements="35" coveredstatements="35" conditionals="57" coveredconditionals="55" methods="13" coveredmethods="13"/>
        <line num="18" count="11" type="stmt"/>
        <line num="20" count="11" type="stmt"/>
        <line num="22" count="11" type="stmt"/>
        <line num="23" count="11" type="cond" truecount="4" falsecount="0"/>
        <line num="24" count="7" type="stmt"/>
        <line num="25" count="7" type="stmt"/>
        <line num="29" count="11" type="stmt"/>
        <line num="30" count="11" type="cond" truecount="2" falsecount="0"/>
        <line num="31" count="1" type="stmt"/>
        <line num="35" count="11" type="cond" truecount="4" falsecount="0"/>
        <line num="36" count="11" type="cond" truecount="2" falsecount="0"/>
        <line num="38" count="11" type="stmt"/>
        <line num="39" count="1" type="cond" truecount="1" falsecount="1"/>
        <line num="42" count="11" type="stmt"/>
        <line num="43" count="2" type="stmt"/>
        <line num="44" count="2" type="stmt"/>
        <line num="47" count="11" type="cond" truecount="4" falsecount="0"/>
        <line num="48" count="1" type="stmt"/>
        <line num="64" count="10" type="cond" truecount="2" falsecount="0"/>
        <line num="65" count="1" type="stmt"/>
        <line num="80" count="9" type="cond" truecount="2" falsecount="0"/>
        <line num="81" count="1" type="stmt"/>
        <line num="88" count="8" type="cond" truecount="2" falsecount="0"/>
        <line num="89" count="1" type="stmt"/>
        <line num="96" count="7" type="cond" truecount="2" falsecount="0"/>
        <line num="97" count="1" type="stmt"/>
        <line num="104" count="7" type="stmt"/>
        <line num="105" count="6" type="stmt"/>
        <line num="106" count="7" type="cond" truecount="3" falsecount="0"/>
        <line num="108" count="6" type="stmt"/>
        <line num="110" count="6" type="stmt"/>
        <line num="170" count="2" type="cond" truecount="2" falsecount="0"/>
        <line num="172" count="2" type="stmt"/>
        <line num="186" count="2" type="cond" truecount="2" falsecount="0"/>
        <line num="187" count="2" type="stmt"/>
      </file>
      <file name="HomeScreen.tsx" path="D:\IdeaProjects\planning-poker\src\components\HomeScreen.tsx">
        <metrics statements="10" coveredstatements="9" conditionals="5" coveredconditionals="5" methods="6" coveredmethods="5"/>
        <line num="11" count="44" type="stmt"/>
        <line num="12" count="44" type="stmt"/>
        <line num="14" count="44" type="stmt"/>
        <line num="15" count="44" type="cond" truecount="2" falsecount="0"/>
        <line num="17" count="44" type="stmt"/>
        <line num="32" count="15" type="stmt"/>
        <line num="46" count="1" type="stmt"/>
        <line num="66" count="26" type="stmt"/>
        <line num="67" count="28" type="cond" truecount="3" falsecount="0"/>
        <line num="74" count="0" type="stmt"/>
      </file>
      <file name="HostRoom.tsx" path="D:\IdeaProjects\planning-poker\src\components\HostRoom.tsx">
        <metrics statements="112" coveredstatements="96" conditionals="151" coveredconditionals="124" methods="48" coveredmethods="44"/>
        <line num="35" count="41" type="stmt"/>
        <line num="36" count="41" type="stmt"/>
        <line num="37" count="41" type="stmt"/>
        <line num="38" count="41" type="stmt"/>
        <line num="40" count="41" type="stmt"/>
        <line num="41" count="1" type="stmt"/>
        <line num="42" count="1" type="stmt"/>
        <line num="44" count="41" type="stmt"/>
        <line num="45" count="1" type="cond" truecount="1" falsecount="1"/>
        <line num="46" count="1" type="stmt"/>
        <line num="48" count="41" type="stmt"/>
        <line num="50" count="41" type="stmt"/>
        <line num="51" count="1" type="stmt"/>
        <line num="52" count="1" type="cond" truecount="1" falsecount="1"/>
        <line num="53" count="1" type="stmt"/>
        <line num="54" count="1" type="stmt"/>
        <line num="55" count="1" type="stmt"/>
        <line num="58" count="41" type="stmt"/>
        <line num="60" count="41" type="stmt"/>
        <line num="61" count="41" type="stmt"/>
        <line num="63" count="41" type="stmt"/>
        <line num="67" count="4" type="stmt"/>
        <line num="101" count="13" type="stmt"/>
        <line num="102" count="13" type="stmt"/>
        <line num="105" count="13" type="cond" truecount="2" falsecount="0"/>
        <line num="106" count="13" type="cond" truecount="2" falsecount="0"/>
        <line num="107" count="13" type="cond" truecount="3" falsecount="0"/>
        <line num="108" count="13" type="stmt"/>
        <line num="110" count="13" type="stmt"/>
        <line num="126" count="1" type="stmt"/>
        <line num="149" count="8" type="stmt"/>
        <line num="151" count="8" type="cond" truecount="2" falsecount="0"/>
        <line num="152" count="7" type="cond" truecount="1" falsecount="1"/>
        <line num="183" count="1" type="stmt"/>
        <line num="198" count="1" type="stmt"/>
        <line num="216" count="10" type="stmt"/>
        <line num="217" count="10" type="cond" truecount="1" falsecount="1"/>
        <line num="238" count="2" type="cond" truecount="2" falsecount="0"/>
        <line num="239" count="2" type="stmt"/>
        <line num="241" count="1" type="stmt"/>
        <line num="248" count="2" type="stmt"/>
        <line num="268" count="19" type="cond" truecount="2" falsecount="0"/>
        <line num="269" count="19" type="stmt"/>
        <line num="288" count="19" type="stmt"/>
        <line num="293" count="0" type="stmt"/>
        <line num="294" count="0" type="stmt"/>
        <line num="297" count="19" type="stmt"/>
        <line num="298" count="17" type="stmt"/>
        <line num="301" count="19" type="stmt"/>
        <line num="302" count="19" type="stmt"/>
        <line num="303" count="19" type="stmt"/>
        <line num="305" count="19" type="stmt"/>
        <line num="306" count="17" type="cond" truecount="2" falsecount="0"/>
        <line num="307" count="16" type="stmt"/>
        <line num="308" count="16" type="cond" truecount="2" falsecount="2"/>
        <line num="309" count="16" type="cond" truecount="2" falsecount="0"/>
        <line num="314" count="19" type="stmt"/>
        <line num="315" count="17" type="stmt"/>
        <line num="316" count="17" type="cond" truecount="2" falsecount="0"/>
        <line num="320" count="19" type="stmt"/>
        <line num="322" count="1" type="cond" truecount="1" falsecount="1"/>
        <line num="323" count="1" type="stmt"/>
        <line num="328" count="19" type="stmt"/>
        <line num="329" count="19" type="stmt"/>
        <line num="331" count="19" type="stmt"/>
        <line num="332" count="1" type="stmt"/>
        <line num="333" count="1" type="stmt"/>
        <line num="334" count="1" type="stmt"/>
        <line num="337" count="19" type="stmt"/>
        <line num="338" count="1" type="cond" truecount="1" falsecount="1"/>
        <line num="339" count="1" type="stmt"/>
        <line num="340" count="1" type="stmt"/>
        <line num="341" count="1" type="cond" truecount="1" falsecount="1"/>
        <line num="342" count="1" type="stmt"/>
        <line num="343" count="0" type="stmt"/>
        <line num="344" count="0" type="stmt"/>
        <line num="348" count="1" type="cond" truecount="1" falsecount="1"/>
        <line num="349" count="1" type="stmt"/>
        <line num="350" count="1" type="stmt"/>
        <line num="351" count="1" type="stmt"/>
        <line num="352" count="1" type="stmt"/>
        <line num="358" count="0" type="stmt"/>
        <line num="359" count="0" type="stmt"/>
        <line num="360" count="0" type="stmt"/>
        <line num="361" count="0" type="stmt"/>
        <line num="362" count="0" type="stmt"/>
        <line num="363" count="0" type="stmt"/>
        <line num="364" count="0" type="stmt"/>
        <line num="365" count="0" type="stmt"/>
        <line num="366" count="0" type="stmt"/>
        <line num="367" count="0" type="stmt"/>
        <line num="368" count="0" type="stmt"/>
        <line num="371" count="0" type="stmt"/>
        <line num="375" count="20" type="stmt"/>
        <line num="376" count="20" type="cond" truecount="2" falsecount="0"/>
        <line num="377" count="19" type="cond" truecount="2" falsecount="0"/>
        <line num="379" count="19" type="stmt"/>
        <line num="380" count="18" type="cond" truecount="6" falsecount="0"/>
        <line num="383" count="19" type="cond" truecount="4" falsecount="0"/>
        <line num="386" count="19" type="stmt"/>
        <line num="387" count="19" type="stmt"/>
        <line num="388" count="8" type="cond" truecount="3" falsecount="0"/>
        <line num="391" count="19" type="stmt"/>
        <line num="393" count="19" type="cond" truecount="2" falsecount="0"/>
        <line num="394" count="1" type="stmt"/>
        <line num="409" count="18" type="cond" truecount="2" falsecount="0"/>
        <line num="410" count="1" type="stmt"/>
        <line num="417" count="17" type="stmt"/>
        <line num="499" count="1" type="stmt"/>
        <line num="506" count="1" type="stmt"/>
        <line num="512" count="1" type="stmt"/>
        <line num="597" count="1" type="stmt"/>
      </file>
      <file name="JoinScreen.tsx" path="D:\IdeaProjects\planning-poker\src\components\JoinScreen.tsx">
        <metrics statements="5" coveredstatements="5" conditionals="3" coveredconditionals="3" methods="4" coveredmethods="4"/>
        <line num="11" count="16" type="stmt"/>
        <line num="13" count="16" type="stmt"/>
        <line num="29" count="13" type="stmt"/>
        <line num="30" count="14" type="cond" truecount="3" falsecount="0"/>
        <line num="39" count="1" type="stmt"/>
      </file>
      <file name="PlayerList.tsx" path="D:\IdeaProjects\planning-poker\src\components\PlayerList.tsx">
        <metrics statements="10" coveredstatements="10" conditionals="30" coveredconditionals="30" methods="5" coveredmethods="5"/>
        <line num="24" count="33" type="cond" truecount="2" falsecount="0"/>
        <line num="25" count="33" type="cond" truecount="2" falsecount="0"/>
        <line num="26" count="33" type="cond" truecount="2" falsecount="0"/>
        <line num="27" count="33" type="cond" truecount="2" falsecount="0"/>
        <line num="29" count="33" type="cond" truecount="2" falsecount="0"/>
        <line num="35" count="33" type="stmt"/>
        <line num="76" count="1" type="stmt"/>
        <line num="131" count="31" type="stmt"/>
        <line num="134" count="34" type="cond" truecount="2" falsecount="0"/>
        <line num="136" count="33" type="stmt"/>
      </file>
      <file name="ResultsView.tsx" path="D:\IdeaProjects\planning-poker\src\components\ResultsView.tsx">
        <metrics statements="14" coveredstatements="14" conditionals="14" coveredconditionals="13" methods="5" coveredmethods="5"/>
        <line num="11" count="10" type="cond" truecount="2" falsecount="0"/>
        <line num="12" count="10" type="cond" truecount="2" falsecount="0"/>
        <line num="14" count="9" type="stmt"/>
        <line num="15" count="9" type="stmt"/>
        <line num="19" count="9" type="cond" truecount="2" falsecount="0"/>
        <line num="20" count="10" type="stmt"/>
        <line num="21" count="10" type="stmt"/>
        <line num="22" count="8" type="cond" truecount="2" falsecount="0"/>
        <line num="23" count="6" type="cond" truecount="1" falsecount="1"/>
        <line num="24" count="6" type="stmt"/>
        <line num="25" count="6" type="stmt"/>
        <line num="32" count="10" type="stmt"/>
        <line num="37" count="15" type="cond" truecount="2" falsecount="0"/>
        <line num="39" count="15" type="stmt"/>
      </file>
      <file name="ThemeToggle.tsx" path="D:\IdeaProjects\planning-poker\src\components\ThemeToggle.tsx">
        <metrics statements="5" coveredstatements="5" conditionals="9" coveredconditionals="3" methods="1" coveredmethods="1"/>
        <line num="4" count="90" type="stmt"/>
        <line num="6" count="90" type="cond" truecount="1" falsecount="3"/>
        <line num="7" count="90" type="stmt"/>
        <line num="10" count="90" type="cond" truecount="1" falsecount="1"/>
        <line num="26" count="90" type="stmt"/>
      </file>
    </package>
    <package name="src.hooks">
      <metrics statements="281" coveredstatements="198" conditionals="142" coveredconditionals="62" methods="90" coveredmethods="44"/>
      <file name="usePeerClient.ts" path="D:\IdeaProjects\planning-poker\src\hooks\usePeerClient.ts">
        <metrics statements="52" coveredstatements="44" conditionals="16" coveredconditionals="11" methods="14" coveredmethods="11"/>
        <line num="17" count="26" type="stmt"/>
        <line num="18" count="26" type="stmt"/>
        <line num="19" count="26" type="stmt"/>
        <line num="20" count="26" type="stmt"/>
        <line num="21" count="26" type="stmt"/>
        <line num="22" count="26" type="stmt"/>
        <line num="24" count="26" type="stmt"/>
        <line num="25" count="7" type="stmt"/>
        <line num="26" count="7" type="stmt"/>
        <line num="28" count="7" type="stmt"/>
        <line num="29" count="7" type="stmt"/>
        <line num="30" count="7" type="stmt"/>
        <line num="31" count="7" type="stmt"/>
        <line num="33" count="7" type="stmt"/>
        <line num="34" count="7" type="stmt"/>
        <line num="35" count="7" type="stmt"/>
        <line num="36" count="7" type="stmt"/>
        <line num="39" count="7" type="stmt"/>
        <line num="42" count="4" type="cond" truecount="1" falsecount="1"/>
        <line num="43" count="4" type="cond" truecount="1" falsecount="1"/>
        <line num="44" count="4" type="cond" truecount="2" falsecount="0"/>
        <line num="45" count="4" type="cond" truecount="2" falsecount="0"/>
        <line num="46" count="4" type="cond" truecount="2" falsecount="0"/>
        <line num="47" count="1" type="stmt"/>
        <line num="48" count="1" type="stmt"/>
        <line num="52" count="7" type="stmt"/>
        <line num="53" count="7" type="stmt"/>
        <line num="54" count="0" type="stmt"/>
        <line num="55" count="0" type="stmt"/>
        <line num="61" count="7" type="stmt"/>
        <line num="62" count="1" type="stmt"/>
        <line num="63" count="1" type="stmt"/>
        <line num="64" count="1" type="stmt"/>
        <line num="71" count="7" type="stmt"/>
        <line num="72" count="0" type="stmt"/>
        <line num="73" count="0" type="stmt"/>
        <line num="76" count="7" type="stmt"/>
        <line num="78" count="0" type="cond" truecount="0" falsecount="2"/>
        <line num="79" count="0" type="stmt"/>
        <line num="80" count="0" type="stmt"/>
        <line num="82" count="0" type="stmt"/>
        <line num="87" count="7" type="stmt"/>
        <line num="88" count="7" type="stmt"/>
        <line num="92" count="26" type="stmt"/>
        <line num="93" count="2" type="cond" truecount="2" falsecount="0"/>
        <line num="94" count="1" type="stmt"/>
        <line num="95" count="1" type="stmt"/>
        <line num="99" count="26" type="stmt"/>
        <line num="100" count="1" type="cond" truecount="1" falsecount="1"/>
        <line num="101" count="1" type="stmt"/>
        <line num="102" count="1" type="stmt"/>
        <line num="106" count="26" type="stmt"/>
      </file>
      <file name="usePeerHost.ts" path="D:\IdeaProjects\planning-poker\src\hooks\usePeerHost.ts">
        <metrics statements="202" coveredstatements="128" conditionals="105" coveredconditionals="40" methods="65" coveredmethods="25"/>
        <line num="45" count="67" type="stmt"/>
        <line num="46" count="67" type="stmt"/>
        <line num="47" count="67" type="stmt"/>
        <line num="48" count="67" type="stmt"/>
        <line num="49" count="67" type="stmt"/>
        <line num="54" count="67" type="stmt"/>
        <line num="55" count="67" type="cond" truecount="2" falsecount="0"/>
        <line num="56" count="11" type="cond" truecount="2" falsecount="0"/>
        <line num="60" count="67" type="stmt"/>
        <line num="61" count="67" type="stmt"/>
        <line num="64" count="67" type="stmt"/>
        <line num="65" count="67" type="stmt"/>
        <line num="67" count="67" type="stmt"/>
        <line num="68" count="67" type="stmt"/>
        <line num="69" count="67" type="stmt"/>
        <line num="70" count="67" type="stmt"/>
        <line num="71" count="11" type="cond" truecount="2" falsecount="0"/>
        <line num="72" count="11" type="cond" truecount="0" falsecount="2"/>
        <line num="73" count="11" type="stmt"/>
        <line num="86" count="67" type="stmt"/>
        <line num="87" count="67" type="stmt"/>
        <line num="89" count="67" type="stmt"/>
        <line num="90" count="26" type="stmt"/>
        <line num="91" count="67" type="cond" truecount="1" falsecount="1"/>
        <line num="92" count="67" type="stmt"/>
        <line num="93" count="67" type="stmt"/>
        <line num="100" count="67" type="stmt"/>
        <line num="102" count="26" type="stmt"/>
        <line num="103" count="26" type="stmt"/>
        <line num="104" count="26" type="stmt"/>
        <line num="105" count="26" type="stmt"/>
        <line num="111" count="67" type="stmt"/>
        <line num="116" count="19" type="stmt"/>
        <line num="117" count="19" type="cond" truecount="2" falsecount="2"/>
        <line num="118" count="0" type="stmt"/>
        <line num="119" count="0" type="stmt"/>
        <line num="124" count="19" type="stmt"/>
        <line num="125" count="19" type="stmt"/>
        <line num="128" count="19" type="cond" truecount="1" falsecount="1"/>
        <line num="129" count="19" type="stmt"/>
        <line num="134" count="19" type="stmt"/>
        <line num="135" count="19" type="stmt"/>
        <line num="136" count="19" type="stmt"/>
        <line num="138" count="57" type="stmt"/>
        <line num="142" count="19" type="stmt"/>
        <line num="143" count="19" type="stmt"/>
        <line num="149" count="67" type="stmt"/>
        <line num="150" count="67" type="stmt"/>
        <line num="152" count="67" type="stmt"/>
        <line num="153" count="11" type="stmt"/>
        <line num="154" count="11" type="cond" truecount="1" falsecount="1"/>
        <line num="157" count="11" type="stmt"/>
        <line num="158" count="11" type="stmt"/>
        <line num="161" count="11" type="stmt"/>
        <line num="162" count="11" type="stmt"/>
        <line num="164" count="11" type="stmt"/>
        <line num="165" count="11" type="stmt"/>
        <line num="167" count="11" type="stmt"/>
        <line num="168" count="11" type="stmt"/>
        <line num="169" count="11" type="stmt"/>
        <line num="176" count="0" type="stmt"/>
        <line num="179" count="11" type="stmt"/>
        <line num="180" count="11" type="stmt"/>
        <line num="183" count="11" type="stmt"/>
        <line num="184" count="0" type="stmt"/>
        <line num="188" count="0" type="cond" truecount="0" falsecount="2"/>
        <line num="189" count="0" type="stmt"/>
        <line num="190" count="0" type="cond" truecount="0" falsecount="2"/>
        <line num="191" count="0" type="stmt"/>
        <line num="193" count="0" type="stmt"/>
        <line num="194" count="0" type="stmt"/>
        <line num="195" count="0" type="stmt"/>
        <line num="199" count="0" type="cond" truecount="0" falsecount="4"/>
        <line num="200" count="0" type="stmt"/>
        <line num="201" count="0" type="stmt"/>
        <line num="204" count="0" type="stmt"/>
        <line num="205" count="0" type="stmt"/>
        <line num="209" count="0" type="cond" truecount="0" falsecount="2"/>
        <line num="210" count="0" type="stmt"/>
        <line num="211" count="0" type="stmt"/>
        <line num="213" count="0" type="stmt"/>
        <line num="216" count="11" type="stmt"/>
        <line num="219" count="0" type="cond" truecount="0" falsecount="2"/>
        <line num="220" count="0" type="stmt"/>
        <line num="221" count="0" type="stmt"/>
        <line num="223" count="0" type="stmt"/>
        <line num="228" count="11" type="stmt"/>
        <line num="231" count="22" type="cond" truecount="2" falsecount="0"/>
        <line num="232" count="1" type="stmt"/>
        <line num="233" count="1" type="stmt"/>
        <line num="234" count="1" type="stmt"/>
        <line num="236" count="1" type="stmt"/>
        <line num="241" count="21" type="stmt"/>
        <line num="242" count="21" type="stmt"/>
        <line num="244" count="21" type="stmt"/>
        <line num="245" count="26" type="cond" truecount="1" falsecount="1"/>
        <line num="246" count="26" type="stmt"/>
        <line num="247" count="26" type="cond" truecount="1" falsecount="1"/>
        <line num="248" count="26" type="stmt"/>
        <line num="250" count="26" type="cond" truecount="2" falsecount="0"/>
        <line num="251" count="21" type="stmt"/>
        <line num="252" count="21" type="stmt"/>
        <line num="256" count="21" type="cond" truecount="2" falsecount="0"/>
        <line num="265" count="1" type="cond" truecount="1" falsecount="1"/>
        <line num="266" count="1" type="stmt"/>
        <line num="270" count="1" type="stmt"/>
        <line num="272" count="1" type="stmt"/>
        <line num="275" count="20" type="cond" truecount="2" falsecount="0"/>
        <line num="277" count="1" type="stmt"/>
        <line num="278" count="1" type="stmt"/>
        <line num="282" count="19" type="stmt"/>
        <line num="283" count="19" type="stmt"/>
        <line num="284" count="19" type="stmt"/>
        <line num="285" count="19" type="stmt"/>
        <line num="286" count="19" type="stmt"/>
        <line num="289" count="5" type="cond" truecount="1" falsecount="1"/>
        <line num="292" count="5" type="cond" truecount="4" falsecount="0"/>
        <line num="295" count="4" type="cond" truecount="1" falsecount="1"/>
        <line num="296" count="4" type="stmt"/>
        <line num="299" count="4" type="cond" truecount="1" falsecount="1"/>
        <line num="301" count="0" type="cond" truecount="0" falsecount="4"/>
        <line num="302" count="0" type="cond" truecount="0" falsecount="2"/>
        <line num="303" count="0" type="stmt"/>
        <line num="304" count="0" type="cond" truecount="0" falsecount="4"/>
        <line num="305" count="0" type="stmt"/>
        <line num="309" count="21" type="stmt"/>
        <line num="310" count="1" type="cond" truecount="1" falsecount="1"/>
        <line num="311" count="0" type="stmt"/>
        <line num="312" count="0" type="stmt"/>
        <line num="313" count="0" type="stmt"/>
        <line num="314" count="0" type="stmt"/>
        <line num="319" count="1" type="cond" truecount="1" falsecount="1"/>
        <line num="320" count="1" type="stmt"/>
        <line num="321" count="1" type="stmt"/>
        <line num="322" count="1" type="stmt"/>
        <line num="325" count="2" type="cond" truecount="2" falsecount="0"/>
        <line num="332" count="11" type="stmt"/>
        <line num="334" count="11" type="stmt"/>
        <line num="335" count="11" type="stmt"/>
        <line num="341" count="67" type="stmt"/>
        <line num="342" count="18" type="stmt"/>
        <line num="343" count="18" type="stmt"/>
        <line num="344" count="18" type="cond" truecount="3" falsecount="1"/>
        <line num="346" count="18" type="stmt"/>
        <line num="347" count="18" type="stmt"/>
        <line num="348" count="18" type="stmt"/>
        <line num="350" count="18" type="stmt"/>
        <line num="353" count="67" type="stmt"/>
        <line num="354" count="0" type="stmt"/>
        <line num="355" count="0" type="stmt"/>
        <line num="356" count="0" type="stmt"/>
        <line num="357" count="0" type="stmt"/>
        <line num="358" count="0" type="cond" truecount="0" falsecount="2"/>
        <line num="359" count="0" type="stmt"/>
        <line num="360" count="0" type="stmt"/>
        <line num="364" count="67" type="stmt"/>
        <line num="365" count="0" type="stmt"/>
        <line num="366" count="0" type="stmt"/>
        <line num="368" count="0" type="stmt"/>
        <line num="369" count="0" type="stmt"/>
        <line num="371" count="0" type="stmt"/>
        <line num="373" count="0" type="stmt"/>
        <line num="376" count="0" type="cond" truecount="0" falsecount="2"/>
        <line num="377" count="0" type="stmt"/>
        <line num="378" count="0" type="stmt"/>
        <line num="381" count="0" type="cond" truecount="0" falsecount="2"/>
        <line num="382" count="0" type="stmt"/>
        <line num="383" count="0" type="stmt"/>
        <line num="387" count="67" type="stmt"/>
        <line num="389" count="0" type="stmt"/>
        <line num="390" count="0" type="cond" truecount="0" falsecount="2"/>
        <line num="391" count="0" type="cond" truecount="0" falsecount="4"/>
        <line num="392" count="0" type="stmt"/>
        <line num="397" count="67" type="stmt"/>
        <line num="398" count="0" type="stmt"/>
        <line num="399" count="0" type="cond" truecount="0" falsecount="2"/>
        <line num="400" count="0" type="cond" truecount="0" falsecount="4"/>
        <line num="401" count="0" type="stmt"/>
        <line num="402" count="0" type="cond" truecount="0" falsecount="4"/>
        <line num="403" count="0" type="stmt"/>
        <line num="406" count="67" type="stmt"/>
        <line num="407" count="2" type="stmt"/>
        <line num="410" count="67" type="stmt"/>
        <line num="411" count="0" type="stmt"/>
        <line num="414" count="67" type="stmt"/>
        <line num="415" count="0" type="stmt"/>
        <line num="416" count="0" type="cond" truecount="0" falsecount="2"/>
        <line num="417" count="0" type="stmt"/>
        <line num="418" count="0" type="stmt"/>
        <line num="421" count="67" type="stmt"/>
        <line num="422" count="0" type="stmt"/>
        <line num="425" count="67" type="stmt"/>
        <line num="426" count="0" type="stmt"/>
        <line num="429" count="67" type="stmt"/>
        <line num="430" count="0" type="stmt"/>
        <line num="431" count="0" type="cond" truecount="0" falsecount="2"/>
        <line num="432" count="0" type="stmt"/>
        <line num="435" count="67" type="stmt"/>
        <line num="436" count="0" type="stmt"/>
        <line num="439" count="67" type="stmt"/>
        <line num="440" count="0" type="stmt"/>
        <line num="443" count="67" type="stmt"/>
      </file>
      <file name="useTheme.ts" path="D:\IdeaProjects\planning-poker\src\hooks\useTheme.ts">
        <metrics statements="27" coveredstatements="26" conditionals="21" coveredconditionals="11" methods="11" coveredmethods="8"/>
        <line num="6" count="4" type="stmt"/>
        <line num="9" count="29" type="stmt"/>
        <line num="10" count="29" type="stmt"/>
        <line num="11" count="29" type="cond" truecount="5" falsecount="0"/>
        <line num="13" count="23" type="stmt"/>
        <line num="17" count="58" type="stmt"/>
        <line num="21" count="29" type="cond" truecount="2" falsecount="2"/>
        <line num="22" count="29" type="stmt"/>
        <line num="23" count="29" type="cond" truecount="1" falsecount="1"/>
        <line num="24" count="29" type="stmt"/>
        <line num="25" count="29" type="stmt"/>
        <line num="29" count="90" type="stmt"/>
        <line num="30" count="90" type="stmt"/>
        <line num="31" count="29" type="cond" truecount="2" falsecount="2"/>
        <line num="34" count="90" type="stmt"/>
        <line num="35" count="29" type="stmt"/>
        <line num="36" count="29" type="stmt"/>
        <line num="37" count="29" type="stmt"/>
        <line num="41" count="90" type="stmt"/>
        <line num="42" count="29" type="cond" truecount="1" falsecount="1"/>
        <line num="43" count="29" type="stmt"/>
        <line num="44" count="29" type="stmt"/>
        <line num="45" count="29" type="stmt"/>
        <line num="46" count="29" type="stmt"/>
        <line num="49" count="90" type="stmt"/>
        <line num="50" count="0" type="cond" truecount="0" falsecount="4"/>
        <line num="53" count="90" type="stmt"/>
      </file>
    </package>
  </project>
</coverage>
