{"D:\\IdeaProjects\\planning-poker\\src\\App.tsx": {"path":"D:\\IdeaProjects\\planning-poker\\src\\App.tsx","statementMap":{"0":{"start":{"line":17,"column":17},"end":{"line":17,"column":null}},"1":{"start":{"line":18,"column":15},"end":{"line":18,"column":null}},"2":{"start":{"line":19,"column":2},"end":{"line":19,"column":null}},"3":{"start":{"line":19,"column":12},"end":{"line":19,"column":null}},"4":{"start":{"line":22,"column":22},"end":{"line":22,"column":null}},"5":{"start":{"line":23,"column":2},"end":{"line":25,"column":null}},"6":{"start":{"line":24,"column":4},"end":{"line":24,"column":null}},"7":{"start":{"line":29,"column":2},"end":{"line":29,"column":null}},"8":{"start":{"line":32,"column":23},"end":{"line":32,"column":null}},"9":{"start":{"line":33,"column":2},"end":{"line":40,"column":null}},"10":{"start":{"line":34,"column":4},"end":{"line":39,"column":null}},"11":{"start":{"line":42,"column":2},"end":{"line":42,"column":null}},"12":{"start":{"line":46,"column":16},"end":{"line":46,"column":null}},"13":{"start":{"line":48,"column":8},"end":{"line":48,"column":null}},"14":{"start":{"line":48,"column":23},"end":{"line":48,"column":null}},"15":{"start":{"line":50,"column":2},"end":{"line":64,"column":null}},"16":{"start":{"line":51,"column":4},"end":{"line":62,"column":null}},"17":{"start":{"line":53,"column":32},"end":{"line":53,"column":null}},"18":{"start":{"line":55,"column":10},"end":{"line":60,"column":null}},"19":{"start":{"line":66,"column":2},"end":{"line":80,"column":null}},"20":{"start":{"line":67,"column":4},"end":{"line":78,"column":null}},"21":{"start":{"line":71,"column":10},"end":{"line":76,"column":null}},"22":{"start":{"line":82,"column":2},"end":{"line":90,"column":null}},"23":{"start":{"line":83,"column":4},"end":{"line":88,"column":null}},"24":{"start":{"line":92,"column":2},"end":{"line":101,"column":null}},"25":{"start":{"line":93,"column":4},"end":{"line":99,"column":null}},"26":{"start":{"line":103,"column":2},"end":{"line":103,"column":null}}},"fnMap":{"0":{"name":"getInitialState","decl":{"start":{"line":15,"column":9},"end":{"line":15,"column":37}},"loc":{"start":{"line":15,"column":37},"end":{"line":43,"column":null}},"line":15},"1":{"name":"App","decl":{"start":{"line":45,"column":16},"end":{"line":45,"column":22}},"loc":{"start":{"line":45,"column":22},"end":{"line":104,"column":null}},"line":45},"2":{"name":"(anonymous_2)","decl":{"start":{"line":48,"column":8},"end":{"line":48,"column":23}},"loc":{"start":{"line":48,"column":23},"end":{"line":48,"column":null}},"line":48},"3":{"name":"(anonymous_3)","decl":{"start":{"line":53,"column":8},"end":{"line":53,"column":23}},"loc":{"start":{"line":53,"column":32},"end":{"line":53,"column":null}},"line":53},"4":{"name":"(anonymous_4)","decl":{"start":{"line":54,"column":8},"end":{"line":54,"column":21}},"loc":{"start":{"line":55,"column":10},"end":{"line":60,"column":null}},"line":55},"5":{"name":"(anonymous_5)","decl":{"start":{"line":70,"column":8},"end":{"line":70,"column":17}},"loc":{"start":{"line":71,"column":10},"end":{"line":76,"column":null}},"line":71}},"branchMap":{"0":{"loc":{"start":{"line":19,"column":2},"end":{"line":19,"column":null}},"type":"if","locations":[{"start":{"line":19,"column":2},"end":{"line":19,"column":null}},{"start":{},"end":{}}],"line":19},"1":{"loc":{"start":{"line":23,"column":2},"end":{"line":25,"column":null}},"type":"if","locations":[{"start":{"line":23,"column":2},"end":{"line":25,"column":null}},{"start":{},"end":{}}],"line":23},"2":{"loc":{"start":{"line":33,"column":2},"end":{"line":40,"column":null}},"type":"if","locations":[{"start":{"line":33,"column":2},"end":{"line":40,"column":null}},{"start":{},"end":{}}],"line":33},"3":{"loc":{"start":{"line":50,"column":2},"end":{"line":64,"column":null}},"type":"if","locations":[{"start":{"line":50,"column":2},"end":{"line":64,"column":null}},{"start":{},"end":{}}],"line":50},"4":{"loc":{"start":{"line":66,"column":2},"end":{"line":80,"column":null}},"type":"if","locations":[{"start":{"line":66,"column":2},"end":{"line":80,"column":null}},{"start":{},"end":{}}],"line":66},"5":{"loc":{"start":{"line":82,"column":2},"end":{"line":90,"column":null}},"type":"if","locations":[{"start":{"line":82,"column":2},"end":{"line":90,"column":null}},{"start":{},"end":{}}],"line":82},"6":{"loc":{"start":{"line":92,"column":2},"end":{"line":101,"column":null}},"type":"if","locations":[{"start":{"line":92,"column":2},"end":{"line":101,"column":null}},{"start":{},"end":{}}],"line":92}},"s":{"0":0,"1":0,"2":0,"3":0,"4":0,"5":0,"6":0,"7":0,"8":0,"9":0,"10":0,"11":0,"12":0,"13":0,"14":0,"15":0,"16":0,"17":0,"18":0,"19":0,"20":0,"21":0,"22":0,"23":0,"24":0,"25":0,"26":0},"f":{"0":0,"1":0,"2":0,"3":0,"4":0,"5":0},"b":{"0":[0,0],"1":[0,0],"2":[0,0],"3":[0,0],"4":[0,0],"5":[0,0],"6":[0,0]},"meta":{"lastBranch":7,"lastFunction":6,"lastStatement":27,"seen":{"f:15:9:15:37":0,"s:17:17:17:Infinity":0,"s:18:15:18:Infinity":1,"b:19:2:19:Infinity:undefined:undefined:undefined:undefined":0,"s:19:2:19:Infinity":2,"s:19:12:19:Infinity":3,"s:22:22:22:Infinity":4,"b:23:2:25:Infinity:undefined:undefined:undefined:undefined":1,"s:23:2:25:Infinity":5,"s:24:4:24:Infinity":6,"s:29:2:29:Infinity":7,"s:32:23:32:Infinity":8,"b:33:2:40:Infinity:undefined:undefined:undefined:undefined":2,"s:33:2:40:Infinity":9,"s:34:4:39:Infinity":10,"s:42:2:42:Infinity":11,"f:45:16:45:22":1,"s:46:16:46:Infinity":12,"s:48:8:48:Infinity":13,"f:48:8:48:23":2,"s:48:23:48:Infinity":14,"b:50:2:64:Infinity:undefined:undefined:undefined:undefined":3,"s:50:2:64:Infinity":15,"s:51:4:62:Infinity":16,"f:53:8:53:23":3,"s:53:32:53:Infinity":17,"f:54:8:54:21":4,"s:55:10:60:Infinity":18,"b:66:2:80:Infinity:undefined:undefined:undefined:undefined":4,"s:66:2:80:Infinity":19,"s:67:4:78:Infinity":20,"f:70:8:70:17":5,"s:71:10:76:Infinity":21,"b:82:2:90:Infinity:undefined:undefined:undefined:undefined":5,"s:82:2:90:Infinity":22,"s:83:4:88:Infinity":23,"b:92:2:101:Infinity:undefined:undefined:undefined:undefined":6,"s:92:2:101:Infinity":24,"s:93:4:99:Infinity":25,"s:103:2:103:Infinity":26}}}
,"D:\\IdeaProjects\\planning-poker\\src\\cardColors.ts": {"path":"D:\\IdeaProjects\\planning-poker\\src\\cardColors.ts","statementMap":{"0":{"start":{"line":12,"column":43},"end":{"line":22,"column":null}},"1":{"start":{"line":24,"column":21},"end":{"line":24,"column":null}},"2":{"start":{"line":24,"column":78},"end":{"line":24,"column":84}},"3":{"start":{"line":27,"column":2},"end":{"line":27,"column":null}}},"fnMap":{"0":{"name":"(anonymous_0)","decl":{"start":{"line":24,"column":64},"end":{"line":24,"column":69}},"loc":{"start":{"line":24,"column":78},"end":{"line":24,"column":84}},"line":24},"1":{"name":"getCardColors","decl":{"start":{"line":26,"column":16},"end":{"line":26,"column":30}},"loc":{"start":{"line":26,"column":62},"end":{"line":28,"column":null}},"line":26}},"branchMap":{"0":{"loc":{"start":{"line":27,"column":21},"end":{"line":27,"column":null}},"type":"binary-expr","locations":[{"start":{"line":27,"column":21},"end":{"line":27,"column":48}},{"start":{"line":27,"column":48},"end":{"line":27,"column":null}}],"line":27}},"s":{"0":5,"1":5,"2":45,"3":17},"f":{"0":45,"1":17},"b":{"0":[17,0]},"meta":{"lastBranch":1,"lastFunction":2,"lastStatement":4,"seen":{"s:12:43:22:Infinity":0,"s:24:21:24:Infinity":1,"f:24:64:24:69":0,"s:24:78:24:84":2,"f:26:16:26:30":1,"s:27:2:27:Infinity":3,"b:27:21:27:48:27:48:27:Infinity":0}}}
,"D:\\IdeaProjects\\planning-poker\\src\\gameLogic.ts": {"path":"D:\\IdeaProjects\\planning-poker\\src\\gameLogic.ts","statementMap":{"0":{"start":{"line":5,"column":24},"end":{"line":5,"column":null}},"1":{"start":{"line":8,"column":16},"end":{"line":8,"column":null}},"2":{"start":{"line":9,"column":2},"end":{"line":9,"column":null}},"3":{"start":{"line":10,"column":2},"end":{"line":10,"column":null}},"4":{"start":{"line":10,"column":34},"end":{"line":10,"column":77}},"5":{"start":{"line":16,"column":2},"end":{"line":26,"column":null}},"6":{"start":{"line":19,"column":21},"end":{"line":19,"column":null}},"7":{"start":{"line":20,"column":6},"end":{"line":24,"column":null}},"8":{"start":{"line":32,"column":23},"end":{"line":34,"column":null}},"9":{"start":{"line":33,"column":19},"end":{"line":33,"column":67}},"10":{"start":{"line":34,"column":16},"end":{"line":34,"column":32}},"11":{"start":{"line":35,"column":2},"end":{"line":35,"column":null}},"12":{"start":{"line":35,"column":33},"end":{"line":35,"column":null}},"13":{"start":{"line":36,"column":2},"end":{"line":36,"column":null}},"14":{"start":{"line":36,"column":51},"end":{"line":36,"column":58}},"15":{"start":{"line":42,"column":19},"end":{"line":44,"column":null}},"16":{"start":{"line":43,"column":19},"end":{"line":43,"column":49}},"17":{"start":{"line":44,"column":16},"end":{"line":44,"column":23}},"18":{"start":{"line":45,"column":2},"end":{"line":45,"column":null}},"19":{"start":{"line":45,"column":29},"end":{"line":45,"column":null}},"20":{"start":{"line":46,"column":15},"end":{"line":50,"column":null}},"21":{"start":{"line":47,"column":14},"end":{"line":47,"column":null}},"22":{"start":{"line":48,"column":4},"end":{"line":48,"column":null}},"23":{"start":{"line":49,"column":4},"end":{"line":49,"column":null}},"24":{"start":{"line":51,"column":18},"end":{"line":51,"column":null}},"25":{"start":{"line":52,"column":2},"end":{"line":52,"column":null}},"26":{"start":{"line":60,"column":2},"end":{"line":63,"column":null}},"27":{"start":{"line":76,"column":21},"end":{"line":76,"column":null}},"28":{"start":{"line":77,"column":24},"end":{"line":82,"column":null}},"29":{"start":{"line":79,"column":6},"end":{"line":81,"column":null}},"30":{"start":{"line":83,"column":25},"end":{"line":85,"column":null}},"31":{"start":{"line":84,"column":11},"end":{"line":84,"column":null}},"32":{"start":{"line":86,"column":2},"end":{"line":86,"column":null}},"33":{"start":{"line":92,"column":2},"end":{"line":92,"column":null}},"34":{"start":{"line":98,"column":2},"end":{"line":104,"column":null}},"35":{"start":{"line":102,"column":21},"end":{"line":102,"column":32}},"36":{"start":{"line":103,"column":19},"end":{"line":103,"column":55}},"37":{"start":{"line":110,"column":18},"end":{"line":110,"column":null}},"38":{"start":{"line":112,"column":4},"end":{"line":112,"column":null}},"39":{"start":{"line":113,"column":2},"end":{"line":113,"column":null}},"40":{"start":{"line":117,"column":14},"end":{"line":117,"column":null}},"41":{"start":{"line":117,"column":45},"end":{"line":117,"column":56}},"42":{"start":{"line":118,"column":18},"end":{"line":118,"column":null}},"43":{"start":{"line":118,"column":46},"end":{"line":118,"column":57}},"44":{"start":{"line":120,"column":4},"end":{"line":120,"column":null}},"45":{"start":{"line":121,"column":2},"end":{"line":121,"column":null}},"46":{"start":{"line":125,"column":18},"end":{"line":125,"column":null}},"47":{"start":{"line":125,"column":44},"end":{"line":125,"column":92}},"48":{"start":{"line":126,"column":18},"end":{"line":126,"column":null}},"49":{"start":{"line":126,"column":38},"end":{"line":126,"column":49}},"50":{"start":{"line":127,"column":22},"end":{"line":127,"column":null}},"51":{"start":{"line":129,"column":2},"end":{"line":141,"column":null}},"52":{"start":{"line":131,"column":4},"end":{"line":131,"column":null}},"53":{"start":{"line":131,"column":71},"end":{"line":131,"column":82}},"54":{"start":{"line":132,"column":9},"end":{"line":141,"column":null}},"55":{"start":{"line":140,"column":4},"end":{"line":140,"column":null}},"56":{"start":{"line":143,"column":2},"end":{"line":143,"column":null}},"57":{"start":{"line":147,"column":2},"end":{"line":150,"column":null}},"58":{"start":{"line":149,"column":39},"end":{"line":149,"column":73}},"59":{"start":{"line":156,"column":16},"end":{"line":156,"column":null}},"60":{"start":{"line":157,"column":2},"end":{"line":162,"column":null}},"61":{"start":{"line":158,"column":20},"end":{"line":158,"column":null}},"62":{"start":{"line":159,"column":4},"end":{"line":161,"column":null}},"63":{"start":{"line":160,"column":6},"end":{"line":160,"column":null}},"64":{"start":{"line":164,"column":21},"end":{"line":164,"column":null}},"65":{"start":{"line":164,"column":46},"end":{"line":164,"column":74}},"66":{"start":{"line":165,"column":15},"end":{"line":165,"column":null}},"67":{"start":{"line":165,"column":38},"end":{"line":165,"column":87}},"68":{"start":{"line":167,"column":25},"end":{"line":169,"column":null}},"69":{"start":{"line":168,"column":19},"end":{"line":168,"column":30}},"70":{"start":{"line":169,"column":17},"end":{"line":169,"column":53}},"71":{"start":{"line":171,"column":2},"end":{"line":179,"column":null}},"72":{"start":{"line":172,"column":4},"end":{"line":178,"column":null}},"73":{"start":{"line":181,"column":2},"end":{"line":188,"column":null}},"74":{"start":{"line":193,"column":18},"end":{"line":193,"column":null}},"75":{"start":{"line":193,"column":44},"end":{"line":193,"column":68}},"76":{"start":{"line":194,"column":23},"end":{"line":194,"column":null}},"77":{"start":{"line":194,"column":43},"end":{"line":194,"column":52}},"78":{"start":{"line":195,"column":2},"end":{"line":205,"column":null}},"79":{"start":{"line":203,"column":21},"end":{"line":203,"column":32}},"80":{"start":{"line":204,"column":19},"end":{"line":204,"column":55}},"81":{"start":{"line":209,"column":2},"end":{"line":212,"column":null}},"82":{"start":{"line":211,"column":39},"end":{"line":211,"column":83}},"83":{"start":{"line":216,"column":2},"end":{"line":219,"column":null}},"84":{"start":{"line":218,"column":39},"end":{"line":218,"column":84}}},"fnMap":{"0":{"name":"generateRoomCode","decl":{"start":{"line":7,"column":16},"end":{"line":7,"column":43}},"loc":{"start":{"line":7,"column":43},"end":{"line":11,"column":null}},"line":7},"1":{"name":"(anonymous_1)","decl":{"start":{"line":10,"column":20},"end":{"line":10,"column":28}},"loc":{"start":{"line":10,"column":34},"end":{"line":10,"column":77}},"line":10},"2":{"name":"redactForClient","decl":{"start":{"line":15,"column":16},"end":{"line":15,"column":32}},"loc":{"start":{"line":15,"column":86},"end":{"line":27,"column":null}},"line":15},"3":{"name":"(anonymous_3)","decl":{"start":{"line":18,"column":27},"end":{"line":18,"column":32}},"loc":{"start":{"line":18,"column":38},"end":{"line":25,"column":5}},"line":18},"4":{"name":"computeAverage","decl":{"start":{"line":31,"column":16},"end":{"line":31,"column":31}},"loc":{"start":{"line":31,"column":65},"end":{"line":37,"column":null}},"line":31},"5":{"name":"(anonymous_5)","decl":{"start":{"line":33,"column":5},"end":{"line":33,"column":13}},"loc":{"start":{"line":33,"column":19},"end":{"line":33,"column":67}},"line":33},"6":{"name":"(anonymous_6)","decl":{"start":{"line":34,"column":5},"end":{"line":34,"column":10}},"loc":{"start":{"line":34,"column":16},"end":{"line":34,"column":32}},"line":34},"7":{"name":"(anonymous_7)","decl":{"start":{"line":36,"column":34},"end":{"line":36,"column":42}},"loc":{"start":{"line":36,"column":51},"end":{"line":36,"column":58}},"line":36},"8":{"name":"detectConsensus","decl":{"start":{"line":41,"column":16},"end":{"line":41,"column":32}},"loc":{"start":{"line":41,"column":60},"end":{"line":53,"column":null}},"line":41},"9":{"name":"(anonymous_9)","decl":{"start":{"line":43,"column":5},"end":{"line":43,"column":13}},"loc":{"start":{"line":43,"column":19},"end":{"line":43,"column":49}},"line":43},"10":{"name":"(anonymous_10)","decl":{"start":{"line":44,"column":5},"end":{"line":44,"column":10}},"loc":{"start":{"line":44,"column":16},"end":{"line":44,"column":23}},"line":44},"11":{"name":"(anonymous_11)","decl":{"start":{"line":46,"column":24},"end":{"line":46,"column":56}},"loc":{"start":{"line":46,"column":67},"end":{"line":50,"column":5}},"line":46},"12":{"name":"nextVotableAfter","decl":{"start":{"line":59,"column":16},"end":{"line":59,"column":33}},"loc":{"start":{"line":59,"column":79},"end":{"line":65,"column":null}},"line":59},"13":{"name":"isNameTaken","decl":{"start":{"line":69,"column":16},"end":{"line":69,"column":null}},"loc":{"start":{"line":75,"column":11},"end":{"line":87,"column":null}},"line":75},"14":{"name":"(anonymous_14)","decl":{"start":{"line":77,"column":32},"end":{"line":77,"column":null}},"loc":{"start":{"line":79,"column":6},"end":{"line":81,"column":null}},"line":79},"15":{"name":"(anonymous_15)","decl":{"start":{"line":83,"column":33},"end":{"line":83,"column":null}},"loc":{"start":{"line":84,"column":11},"end":{"line":84,"column":null}},"line":84},"16":{"name":"reveal","decl":{"start":{"line":91,"column":16},"end":{"line":91,"column":23}},"loc":{"start":{"line":91,"column":52},"end":{"line":93,"column":null}},"line":91},"17":{"name":"newRound","decl":{"start":{"line":97,"column":16},"end":{"line":97,"column":25}},"loc":{"start":{"line":97,"column":54},"end":{"line":105,"column":null}},"line":97},"18":{"name":"(anonymous_18)","decl":{"start":{"line":102,"column":7},"end":{"line":102,"column":15}},"loc":{"start":{"line":102,"column":21},"end":{"line":102,"column":32}},"line":102},"19":{"name":"(anonymous_19)","decl":{"start":{"line":103,"column":7},"end":{"line":103,"column":12}},"loc":{"start":{"line":103,"column":19},"end":{"line":103,"column":55}},"line":103},"20":{"name":"addStory","decl":{"start":{"line":109,"column":16},"end":{"line":109,"column":25}},"loc":{"start":{"line":109,"column":68},"end":{"line":114,"column":null}},"line":109},"21":{"name":"removeStory","decl":{"start":{"line":116,"column":16},"end":{"line":116,"column":28}},"loc":{"start":{"line":116,"column":69},"end":{"line":122,"column":null}},"line":116},"22":{"name":"(anonymous_22)","decl":{"start":{"line":117,"column":28},"end":{"line":117,"column":39}},"loc":{"start":{"line":117,"column":45},"end":{"line":117,"column":56}},"line":117},"23":{"name":"(anonymous_23)","decl":{"start":{"line":118,"column":32},"end":{"line":118,"column":40}},"loc":{"start":{"line":118,"column":46},"end":{"line":118,"column":57}},"line":118},"24":{"name":"toggleStory","decl":{"start":{"line":124,"column":16},"end":{"line":124,"column":28}},"loc":{"start":{"line":124,"column":69},"end":{"line":144,"column":null}},"line":124},"25":{"name":"(anonymous_25)","decl":{"start":{"line":125,"column":32},"end":{"line":125,"column":37}},"loc":{"start":{"line":125,"column":44},"end":{"line":125,"column":92}},"line":125},"26":{"name":"(anonymous_26)","decl":{"start":{"line":126,"column":26},"end":{"line":126,"column":32}},"loc":{"start":{"line":126,"column":38},"end":{"line":126,"column":49}},"line":126},"27":{"name":"(anonymous_27)","decl":{"start":{"line":131,"column":54},"end":{"line":131,"column":65}},"loc":{"start":{"line":131,"column":71},"end":{"line":131,"column":82}},"line":131},"28":{"name":"renameStory","decl":{"start":{"line":146,"column":16},"end":{"line":146,"column":28}},"loc":{"start":{"line":146,"column":84},"end":{"line":151,"column":null}},"line":146},"29":{"name":"(anonymous_29)","decl":{"start":{"line":149,"column":27},"end":{"line":149,"column":32}},"loc":{"start":{"line":149,"column":39},"end":{"line":149,"column":73}},"line":149},"30":{"name":"nextStory","decl":{"start":{"line":155,"column":16},"end":{"line":155,"column":26}},"loc":{"start":{"line":155,"column":55},"end":{"line":189,"column":null}},"line":155},"31":{"name":"(anonymous_31)","decl":{"start":{"line":159,"column":28},"end":{"line":159,"column":33}},"loc":{"start":{"line":160,"column":6},"end":{"line":160,"column":null}},"line":160},"32":{"name":"(anonymous_32)","decl":{"start":{"line":164,"column":29},"end":{"line":164,"column":40}},"loc":{"start":{"line":164,"column":46},"end":{"line":164,"column":74}},"line":164},"33":{"name":"(anonymous_33)","decl":{"start":{"line":165,"column":23},"end":{"line":165,"column":29}},"loc":{"start":{"line":165,"column":38},"end":{"line":165,"column":87}},"line":165},"34":{"name":"(anonymous_34)","decl":{"start":{"line":168,"column":5},"end":{"line":168,"column":13}},"loc":{"start":{"line":168,"column":19},"end":{"line":168,"column":30}},"line":168},"35":{"name":"(anonymous_35)","decl":{"start":{"line":169,"column":5},"end":{"line":169,"column":10}},"loc":{"start":{"line":169,"column":17},"end":{"line":169,"column":53}},"line":169},"36":{"name":"newSprint","decl":{"start":{"line":192,"column":16},"end":{"line":192,"column":26}},"loc":{"start":{"line":192,"column":55},"end":{"line":206,"column":null}},"line":192},"37":{"name":"(anonymous_37)","decl":{"start":{"line":193,"column":32},"end":{"line":193,"column":37}},"loc":{"start":{"line":193,"column":44},"end":{"line":193,"column":68}},"line":193},"38":{"name":"(anonymous_38)","decl":{"start":{"line":194,"column":31},"end":{"line":194,"column":37}},"loc":{"start":{"line":194,"column":43},"end":{"line":194,"column":52}},"line":194},"39":{"name":"(anonymous_39)","decl":{"start":{"line":203,"column":7},"end":{"line":203,"column":15}},"loc":{"start":{"line":203,"column":21},"end":{"line":203,"column":32}},"line":203},"40":{"name":"(anonymous_40)","decl":{"start":{"line":204,"column":7},"end":{"line":204,"column":12}},"loc":{"start":{"line":204,"column":19},"end":{"line":204,"column":55}},"line":204},"41":{"name":"castVote","decl":{"start":{"line":208,"column":16},"end":{"line":208,"column":25}},"loc":{"start":{"line":208,"column":95},"end":{"line":213,"column":null}},"line":208},"42":{"name":"(anonymous_42)","decl":{"start":{"line":211,"column":27},"end":{"line":211,"column":32}},"loc":{"start":{"line":211,"column":39},"end":{"line":211,"column":83}},"line":211},"43":{"name":"setActive","decl":{"start":{"line":215,"column":16},"end":{"line":215,"column":26}},"loc":{"start":{"line":215,"column":71},"end":{"line":220,"column":null}},"line":215},"44":{"name":"(anonymous_44)","decl":{"start":{"line":218,"column":27},"end":{"line":218,"column":32}},"loc":{"start":{"line":218,"column":39},"end":{"line":218,"column":84}},"line":218}},"branchMap":{"0":{"loc":{"start":{"line":19,"column":21},"end":{"line":19,"column":null}},"type":"binary-expr","locations":[{"start":{"line":19,"column":21},"end":{"line":19,"column":39}},{"start":{"line":19,"column":39},"end":{"line":19,"column":null}}],"line":19},"1":{"loc":{"start":{"line":23,"column":14},"end":{"line":23,"column":null}},"type":"cond-expr","locations":[{"start":{"line":23,"column":23},"end":{"line":23,"column":32}},{"start":{"line":23,"column":32},"end":{"line":23,"column":null}}],"line":23},"2":{"loc":{"start":{"line":33,"column":19},"end":{"line":33,"column":67}},"type":"binary-expr","locations":[{"start":{"line":33,"column":19},"end":{"line":33,"column":34}},{"start":{"line":33,"column":34},"end":{"line":33,"column":53}},{"start":{"line":33,"column":53},"end":{"line":33,"column":67}}],"line":33},"3":{"loc":{"start":{"line":35,"column":2},"end":{"line":35,"column":null}},"type":"if","locations":[{"start":{"line":35,"column":2},"end":{"line":35,"column":null}},{"start":{},"end":{}}],"line":35},"4":{"loc":{"start":{"line":43,"column":19},"end":{"line":43,"column":49}},"type":"binary-expr","locations":[{"start":{"line":43,"column":19},"end":{"line":43,"column":38}},{"start":{"line":43,"column":38},"end":{"line":43,"column":49}}],"line":43},"5":{"loc":{"start":{"line":45,"column":2},"end":{"line":45,"column":null}},"type":"if","locations":[{"start":{"line":45,"column":2},"end":{"line":45,"column":null}},{"start":{},"end":{}}],"line":45},"6":{"loc":{"start":{"line":48,"column":14},"end":{"line":48,"column":29}},"type":"binary-expr","locations":[{"start":{"line":48,"column":14},"end":{"line":48,"column":24}},{"start":{"line":48,"column":24},"end":{"line":48,"column":29}}],"line":48},"7":{"loc":{"start":{"line":61,"column":4},"end":{"line":63,"column":null}},"type":"binary-expr","locations":[{"start":{"line":61,"column":4},"end":{"line":61,"column":null}},{"start":{"line":62,"column":4},"end":{"line":62,"column":null}},{"start":{"line":63,"column":4},"end":{"line":63,"column":null}}],"line":61},"8":{"loc":{"start":{"line":79,"column":6},"end":{"line":81,"column":null}},"type":"binary-expr","locations":[{"start":{"line":79,"column":6},"end":{"line":79,"column":null}},{"start":{"line":80,"column":6},"end":{"line":80,"column":null}},{"start":{"line":81,"column":6},"end":{"line":81,"column":null}}],"line":79},"9":{"loc":{"start":{"line":84,"column":11},"end":{"line":84,"column":null}},"type":"binary-expr","locations":[{"start":{"line":84,"column":11},"end":{"line":84,"column":46}},{"start":{"line":84,"column":46},"end":{"line":84,"column":null}}],"line":84},"10":{"loc":{"start":{"line":86,"column":9},"end":{"line":86,"column":null}},"type":"binary-expr","locations":[{"start":{"line":86,"column":9},"end":{"line":86,"column":26}},{"start":{"line":86,"column":26},"end":{"line":86,"column":null}}],"line":86},"11":{"loc":{"start":{"line":112,"column":4},"end":{"line":112,"column":null}},"type":"cond-expr","locations":[{"start":{"line":112,"column":63},"end":{"line":112,"column":74}},{"start":{"line":112,"column":74},"end":{"line":112,"column":null}}],"line":112},"12":{"loc":{"start":{"line":112,"column":4},"end":{"line":112,"column":63}},"type":"binary-expr","locations":[{"start":{"line":112,"column":4},"end":{"line":112,"column":36}},{"start":{"line":112,"column":36},"end":{"line":112,"column":63}}],"line":112},"13":{"loc":{"start":{"line":120,"column":4},"end":{"line":120,"column":null}},"type":"cond-expr","locations":[{"start":{"line":120,"column":33},"end":{"line":120,"column":70}},{"start":{"line":120,"column":70},"end":{"line":120,"column":null}}],"line":120},"14":{"loc":{"start":{"line":125,"column":44},"end":{"line":125,"column":92}},"type":"cond-expr","locations":[{"start":{"line":125,"column":58},"end":{"line":125,"column":90}},{"start":{"line":125,"column":90},"end":{"line":125,"column":92}}],"line":125},"15":{"loc":{"start":{"line":129,"column":2},"end":{"line":141,"column":null}},"type":"if","locations":[{"start":{"line":129,"column":2},"end":{"line":141,"column":null}},{"start":{"line":132,"column":9},"end":{"line":141,"column":null}}],"line":129},"16":{"loc":{"start":{"line":129,"column":6},"end":{"line":129,"column":65}},"type":"binary-expr","locations":[{"start":{"line":129,"column":6},"end":{"line":129,"column":36}},{"start":{"line":129,"column":36},"end":{"line":129,"column":47}},{"start":{"line":129,"column":47},"end":{"line":129,"column":65}}],"line":129},"17":{"loc":{"start":{"line":132,"column":9},"end":{"line":141,"column":null}},"type":"if","locations":[{"start":{"line":132,"column":9},"end":{"line":141,"column":null}},{"start":{},"end":{}}],"line":132},"18":{"loc":{"start":{"line":133,"column":4},"end":{"line":137,"column":null}},"type":"binary-expr","locations":[{"start":{"line":133,"column":4},"end":{"line":133,"column":null}},{"start":{"line":134,"column":4},"end":{"line":134,"column":null}},{"start":{"line":135,"column":4},"end":{"line":135,"column":null}},{"start":{"line":136,"column":4},"end":{"line":136,"column":null}},{"start":{"line":137,"column":4},"end":{"line":137,"column":null}}],"line":133},"19":{"loc":{"start":{"line":149,"column":39},"end":{"line":149,"column":73}},"type":"cond-expr","locations":[{"start":{"line":149,"column":53},"end":{"line":149,"column":71}},{"start":{"line":149,"column":71},"end":{"line":149,"column":73}}],"line":149},"20":{"loc":{"start":{"line":157,"column":2},"end":{"line":162,"column":null}},"type":"if","locations":[{"start":{"line":157,"column":2},"end":{"line":162,"column":null}},{"start":{},"end":{}}],"line":157},"21":{"loc":{"start":{"line":160,"column":6},"end":{"line":160,"column":null}},"type":"cond-expr","locations":[{"start":{"line":160,"column":37},"end":{"line":160,"column":57}},{"start":{"line":160,"column":57},"end":{"line":160,"column":null}}],"line":160},"22":{"loc":{"start":{"line":165,"column":38},"end":{"line":165,"column":87}},"type":"binary-expr","locations":[{"start":{"line":165,"column":38},"end":{"line":165,"column":56}},{"start":{"line":165,"column":56},"end":{"line":165,"column":69}},{"start":{"line":165,"column":69},"end":{"line":165,"column":87}}],"line":165},"23":{"loc":{"start":{"line":171,"column":2},"end":{"line":179,"column":null}},"type":"if","locations":[{"start":{"line":171,"column":2},"end":{"line":179,"column":null}},{"start":{},"end":{}}],"line":171},"24":{"loc":{"start":{"line":198,"column":19},"end":{"line":198,"column":null}},"type":"binary-expr","locations":[{"start":{"line":198,"column":19},"end":{"line":198,"column":39}},{"start":{"line":198,"column":39},"end":{"line":198,"column":null}}],"line":198},"25":{"loc":{"start":{"line":211,"column":39},"end":{"line":211,"column":83}},"type":"cond-expr","locations":[{"start":{"line":211,"column":57},"end":{"line":211,"column":81}},{"start":{"line":211,"column":81},"end":{"line":211,"column":83}}],"line":211},"26":{"loc":{"start":{"line":218,"column":39},"end":{"line":218,"column":84}},"type":"cond-expr","locations":[{"start":{"line":218,"column":57},"end":{"line":218,"column":82}},{"start":{"line":218,"column":82},"end":{"line":218,"column":84}}],"line":218}},"s":{"0":5,"1":50,"2":50,"3":50,"4":300,"5":71,"6":394,"7":394,"8":19,"9":32,"10":27,"11":19,"12":3,"13":16,"14":27,"15":16,"16":26,"17":23,"18":16,"19":2,"20":14,"21":23,"22":23,"23":23,"24":14,"25":14,"26":6,"27":25,"28":25,"29":63,"30":25,"31":1,"32":25,"33":3,"34":2,"35":3,"36":2,"37":3,"38":3,"39":3,"40":2,"41":2,"42":2,"43":4,"44":2,"45":2,"46":2,"47":3,"48":2,"49":2,"50":2,"51":2,"52":1,"53":1,"54":1,"55":1,"56":2,"57":1,"58":2,"59":2,"60":2,"61":2,"62":2,"63":3,"64":2,"65":2,"66":2,"67":3,"68":2,"69":3,"70":3,"71":2,"72":1,"73":1,"74":1,"75":2,"76":1,"77":1,"78":1,"79":1,"80":1,"81":5,"82":13,"83":1,"84":2},"f":{"0":50,"1":300,"2":71,"3":394,"4":19,"5":32,"6":27,"7":27,"8":16,"9":26,"10":23,"11":23,"12":6,"13":25,"14":63,"15":1,"16":3,"17":2,"18":3,"19":2,"20":3,"21":2,"22":2,"23":4,"24":2,"25":3,"26":2,"27":1,"28":1,"29":2,"30":2,"31":3,"32":2,"33":3,"34":3,"35":3,"36":1,"37":2,"38":1,"39":1,"40":1,"41":5,"42":13,"43":1,"44":2},"b":{"0":[394,384],"1":[77,317],"2":[32,31,29],"3":[3,16],"4":[26,24],"5":[2,14],"6":[23,17],"7":[6,2,1],"8":[63,62,61],"9":[1,1],"10":[25,23],"11":[2,1],"12":[3,2],"13":[1,1],"14":[2,1],"15":[1,1],"16":[2,1,1],"17":[1,0],"18":[1,1,1,1,1],"19":[1,1],"20":[2,0],"21":[2,1],"22":[3,1,1],"23":[1,1],"24":[1,0],"25":[5,8],"26":[1,1]},"meta":{"lastBranch":27,"lastFunction":45,"lastStatement":85,"seen":{"s:5:24:5:Infinity":0,"f:7:16:7:43":0,"s:8:16:8:Infinity":1,"s:9:2:9:Infinity":2,"s:10:2:10:Infinity":3,"f:10:20:10:28":1,"s:10:34:10:77":4,"f:15:16:15:32":2,"s:16:2:26:Infinity":5,"f:18:27:18:32":3,"s:19:21:19:Infinity":6,"b:19:21:19:39:19:39:19:Infinity":0,"s:20:6:24:Infinity":7,"b:23:23:23:32:23:32:23:Infinity":1,"f:31:16:31:31":4,"s:32:23:34:Infinity":8,"f:33:5:33:13":5,"s:33:19:33:67":9,"b:33:19:33:34:33:34:33:53:33:53:33:67":2,"f:34:5:34:10":6,"s:34:16:34:32":10,"b:35:2:35:Infinity:undefined:undefined:undefined:undefined":3,"s:35:2:35:Infinity":11,"s:35:33:35:Infinity":12,"s:36:2:36:Infinity":13,"f:36:34:36:42":7,"s:36:51:36:58":14,"f:41:16:41:32":8,"s:42:19:44:Infinity":15,"f:43:5:43:13":9,"s:43:19:43:49":16,"b:43:19:43:38:43:38:43:49":4,"f:44:5:44:10":10,"s:44:16:44:23":17,"b:45:2:45:Infinity:undefined:undefined:undefined:undefined":5,"s:45:2:45:Infinity":18,"s:45:29:45:Infinity":19,"s:46:15:50:Infinity":20,"f:46:24:46:56":11,"s:47:14:47:Infinity":21,"s:48:4:48:Infinity":22,"b:48:14:48:24:48:24:48:29":6,"s:49:4:49:Infinity":23,"s:51:18:51:Infinity":24,"s:52:2:52:Infinity":25,"f:59:16:59:33":12,"s:60:2:63:Infinity":26,"b:61:4:61:Infinity:62:4:62:Infinity:63:4:63:Infinity":7,"f:69:16:69:Infinity":13,"s:76:21:76:Infinity":27,"s:77:24:82:Infinity":28,"f:77:32:77:Infinity":14,"s:79:6:81:Infinity":29,"b:79:6:79:Infinity:80:6:80:Infinity:81:6:81:Infinity":8,"s:83:25:85:Infinity":30,"f:83:33:83:Infinity":15,"s:84:11:84:Infinity":31,"b:84:11:84:46:84:46:84:Infinity":9,"s:86:2:86:Infinity":32,"b:86:9:86:26:86:26:86:Infinity":10,"f:91:16:91:23":16,"s:92:2:92:Infinity":33,"f:97:16:97:25":17,"s:98:2:104:Infinity":34,"f:102:7:102:15":18,"s:102:21:102:32":35,"f:103:7:103:12":19,"s:103:19:103:55":36,"f:109:16:109:25":20,"s:110:18:110:Infinity":37,"s:112:4:112:Infinity":38,"b:112:63:112:74:112:74:112:Infinity":11,"b:112:4:112:36:112:36:112:63":12,"s:113:2:113:Infinity":39,"f:116:16:116:28":21,"s:117:14:117:Infinity":40,"f:117:28:117:39":22,"s:117:45:117:56":41,"s:118:18:118:Infinity":42,"f:118:32:118:40":23,"s:118:46:118:57":43,"s:120:4:120:Infinity":44,"b:120:33:120:70:120:70:120:Infinity":13,"s:121:2:121:Infinity":45,"f:124:16:124:28":24,"s:125:18:125:Infinity":46,"f:125:32:125:37":25,"s:125:44:125:92":47,"b:125:58:125:90:125:90:125:92":14,"s:126:18:126:Infinity":48,"f:126:26:126:32":26,"s:126:38:126:49":49,"s:127:22:127:Infinity":50,"b:129:2:141:Infinity:132:9:141:Infinity":15,"s:129:2:141:Infinity":51,"b:129:6:129:36:129:36:129:47:129:47:129:65":16,"s:131:4:131:Infinity":52,"f:131:54:131:65":27,"s:131:71:131:82":53,"b:132:9:141:Infinity:undefined:undefined:undefined:undefined":17,"s:132:9:141:Infinity":54,"b:133:4:133:Infinity:134:4:134:Infinity:135:4:135:Infinity:136:4:136:Infinity:137:4:137:Infinity":18,"s:140:4:140:Infinity":55,"s:143:2:143:Infinity":56,"f:146:16:146:28":28,"s:147:2:150:Infinity":57,"f:149:27:149:32":29,"s:149:39:149:73":58,"b:149:53:149:71:149:71:149:73":19,"f:155:16:155:26":30,"s:156:16:156:Infinity":59,"b:157:2:162:Infinity:undefined:undefined:undefined:undefined":20,"s:157:2:162:Infinity":60,"s:158:20:158:Infinity":61,"s:159:4:161:Infinity":62,"f:159:28:159:33":31,"s:160:6:160:Infinity":63,"b:160:37:160:57:160:57:160:Infinity":21,"s:164:21:164:Infinity":64,"f:164:29:164:40":32,"s:164:46:164:74":65,"s:165:15:165:Infinity":66,"f:165:23:165:29":33,"s:165:38:165:87":67,"b:165:38:165:56:165:56:165:69:165:69:165:87":22,"s:167:25:169:Infinity":68,"f:168:5:168:13":34,"s:168:19:168:30":69,"f:169:5:169:10":35,"s:169:17:169:53":70,"b:171:2:179:Infinity:undefined:undefined:undefined:undefined":23,"s:171:2:179:Infinity":71,"s:172:4:178:Infinity":72,"s:181:2:188:Infinity":73,"f:192:16:192:26":36,"s:193:18:193:Infinity":74,"f:193:32:193:37":37,"s:193:44:193:68":75,"s:194:23:194:Infinity":76,"f:194:31:194:37":38,"s:194:43:194:52":77,"s:195:2:205:Infinity":78,"b:198:19:198:39:198:39:198:Infinity":24,"f:203:7:203:15":39,"s:203:21:203:32":79,"f:204:7:204:12":40,"s:204:19:204:55":80,"f:208:16:208:25":41,"s:209:2:212:Infinity":81,"f:211:27:211:32":42,"s:211:39:211:83":82,"b:211:57:211:81:211:81:211:83":25,"f:215:16:215:26":43,"s:216:2:219:Infinity":83,"f:218:27:218:32":44,"s:218:39:218:84":84,"b:218:57:218:82:218:82:218:84":26}}}
,"D:\\IdeaProjects\\planning-poker\\src\\storage.ts": {"path":"D:\\IdeaProjects\\planning-poker\\src\\storage.ts","statementMap":{"0":{"start":{"line":3,"column":17},"end":{"line":3,"column":null}},"1":{"start":{"line":4,"column":18},"end":{"line":4,"column":null}},"2":{"start":{"line":5,"column":20},"end":{"line":5,"column":null}},"3":{"start":{"line":20,"column":2},"end":{"line":20,"column":null}},"4":{"start":{"line":20,"column":12},"end":{"line":20,"column":null}},"5":{"start":{"line":21,"column":2},"end":{"line":25,"column":null}},"6":{"start":{"line":22,"column":4},"end":{"line":22,"column":null}},"7":{"start":{"line":24,"column":4},"end":{"line":24,"column":null}},"8":{"start":{"line":28,"column":23},"end":{"line":68,"column":null}},"9":{"start":{"line":30,"column":4},"end":{"line":30,"column":null}},"10":{"start":{"line":33,"column":4},"end":{"line":33,"column":null}},"11":{"start":{"line":36,"column":4},"end":{"line":36,"column":null}},"12":{"start":{"line":39,"column":14},"end":{"line":39,"column":null}},"13":{"start":{"line":40,"column":4},"end":{"line":40,"column":null}},"14":{"start":{"line":40,"column":12},"end":{"line":40,"column":null}},"15":{"start":{"line":41,"column":4},"end":{"line":41,"column":null}},"16":{"start":{"line":42,"column":4},"end":{"line":42,"column":null}},"17":{"start":{"line":45,"column":14},"end":{"line":45,"column":null}},"18":{"start":{"line":46,"column":4},"end":{"line":46,"column":null}},"19":{"start":{"line":46,"column":12},"end":{"line":46,"column":null}},"20":{"start":{"line":47,"column":4},"end":{"line":47,"column":null}},"21":{"start":{"line":48,"column":4},"end":{"line":48,"column":null}},"22":{"start":{"line":51,"column":4},"end":{"line":51,"column":null}},"23":{"start":{"line":54,"column":4},"end":{"line":54,"column":null}},"24":{"start":{"line":57,"column":4},"end":{"line":57,"column":null}},"25":{"start":{"line":60,"column":4},"end":{"line":60,"column":null}},"26":{"start":{"line":63,"column":4},"end":{"line":63,"column":null}},"27":{"start":{"line":66,"column":4},"end":{"line":66,"column":null}}},"fnMap":{"0":{"name":"parseJSON","decl":{"start":{"line":19,"column":9},"end":{"line":19,"column":22}},"loc":{"start":{"line":19,"column":52},"end":{"line":26,"column":null}},"line":19},"1":{"name":"getHost","decl":{"start":{"line":29,"column":2},"end":{"line":29,"column":32}},"loc":{"start":{"line":29,"column":32},"end":{"line":31,"column":null}},"line":29},"2":{"name":"saveHost","decl":{"start":{"line":32,"column":2},"end":{"line":32,"column":11}},"loc":{"start":{"line":32,"column":33},"end":{"line":34,"column":null}},"line":32},"3":{"name":"clearHost","decl":{"start":{"line":35,"column":2},"end":{"line":35,"column":20}},"loc":{"start":{"line":35,"column":20},"end":{"line":37,"column":null}},"line":35},"4":{"name":"addApprovedPlayer","decl":{"start":{"line":38,"column":2},"end":{"line":38,"column":20}},"loc":{"start":{"line":38,"column":62},"end":{"line":43,"column":null}},"line":38},"5":{"name":"removeApprovedPlayer","decl":{"start":{"line":44,"column":2},"end":{"line":44,"column":23}},"loc":{"start":{"line":44,"column":51},"end":{"line":49,"column":null}},"line":44},"6":{"name":"getGuest","decl":{"start":{"line":50,"column":2},"end":{"line":50,"column":34}},"loc":{"start":{"line":50,"column":34},"end":{"line":52,"column":null}},"line":50},"7":{"name":"saveGuest","decl":{"start":{"line":53,"column":2},"end":{"line":53,"column":12}},"loc":{"start":{"line":53,"column":35},"end":{"line":55,"column":null}},"line":53},"8":{"name":"clearGuest","decl":{"start":{"line":56,"column":2},"end":{"line":56,"column":21}},"loc":{"start":{"line":56,"column":21},"end":{"line":58,"column":null}},"line":56},"9":{"name":"getStories","decl":{"start":{"line":59,"column":2},"end":{"line":59,"column":24}},"loc":{"start":{"line":59,"column":24},"end":{"line":61,"column":null}},"line":59},"10":{"name":"saveStories","decl":{"start":{"line":62,"column":2},"end":{"line":62,"column":14}},"loc":{"start":{"line":62,"column":38},"end":{"line":64,"column":null}},"line":62},"11":{"name":"clearStories","decl":{"start":{"line":65,"column":2},"end":{"line":65,"column":23}},"loc":{"start":{"line":65,"column":23},"end":{"line":67,"column":null}},"line":65}},"branchMap":{"0":{"loc":{"start":{"line":20,"column":2},"end":{"line":20,"column":null}},"type":"if","locations":[{"start":{"line":20,"column":2},"end":{"line":20,"column":null}},{"start":{},"end":{}}],"line":20},"1":{"loc":{"start":{"line":40,"column":4},"end":{"line":40,"column":null}},"type":"if","locations":[{"start":{"line":40,"column":4},"end":{"line":40,"column":null}},{"start":{},"end":{}}],"line":40},"2":{"loc":{"start":{"line":46,"column":4},"end":{"line":46,"column":null}},"type":"if","locations":[{"start":{"line":46,"column":4},"end":{"line":46,"column":null}},{"start":{},"end":{}}],"line":46},"3":{"loc":{"start":{"line":60,"column":11},"end":{"line":60,"column":null}},"type":"binary-expr","locations":[{"start":{"line":60,"column":11},"end":{"line":60,"column":68}},{"start":{"line":60,"column":68},"end":{"line":60,"column":null}}],"line":60}},"s":{"0":3,"1":3,"2":3,"3":69,"4":58,"5":11,"6":11,"7":2,"8":3,"9":43,"10":23,"11":3,"12":2,"13":2,"14":1,"15":1,"16":1,"17":1,"18":1,"19":0,"20":1,"21":1,"22":5,"23":10,"24":4,"25":21,"26":19,"27":2},"f":{"0":69,"1":43,"2":23,"3":3,"4":2,"5":1,"6":5,"7":10,"8":4,"9":21,"10":19,"11":2},"b":{"0":[58,11],"1":[1,1],"2":[0,1],"3":[21,20]},"meta":{"lastBranch":4,"lastFunction":12,"lastStatement":28,"seen":{"s:3:17:3:Infinity":0,"s:4:18:4:Infinity":1,"s:5:20:5:Infinity":2,"f:19:9:19:22":0,"b:20:2:20:Infinity:undefined:undefined:undefined:undefined":0,"s:20:2:20:Infinity":3,"s:20:12:20:Infinity":4,"s:21:2:25:Infinity":5,"s:22:4:22:Infinity":6,"s:24:4:24:Infinity":7,"s:28:23:68:Infinity":8,"f:29:2:29:32":1,"s:30:4:30:Infinity":9,"f:32:2:32:11":2,"s:33:4:33:Infinity":10,"f:35:2:35:20":3,"s:36:4:36:Infinity":11,"f:38:2:38:20":4,"s:39:14:39:Infinity":12,"b:40:4:40:Infinity:undefined:undefined:undefined:undefined":1,"s:40:4:40:Infinity":13,"s:40:12:40:Infinity":14,"s:41:4:41:Infinity":15,"s:42:4:42:Infinity":16,"f:44:2:44:23":5,"s:45:14:45:Infinity":17,"b:46:4:46:Infinity:undefined:undefined:undefined:undefined":2,"s:46:4:46:Infinity":18,"s:46:12:46:Infinity":19,"s:47:4:47:Infinity":20,"s:48:4:48:Infinity":21,"f:50:2:50:34":6,"s:51:4:51:Infinity":22,"f:53:2:53:12":7,"s:54:4:54:Infinity":23,"f:56:2:56:21":8,"s:57:4:57:Infinity":24,"f:59:2:59:24":9,"s:60:4:60:Infinity":25,"b:60:11:60:68:60:68:60:Infinity":3,"f:62:2:62:14":10,"s:63:4:63:Infinity":26,"f:65:2:65:23":11,"s:66:4:66:Infinity":27}}}
,"D:\\IdeaProjects\\planning-poker\\src\\types.ts": {"path":"D:\\IdeaProjects\\planning-poker\\src\\types.ts","statementMap":{"0":{"start":{"line":3,"column":44},"end":{"line":3,"column":null}},"1":{"start":{"line":5,"column":31},"end":{"line":5,"column":null}},"2":{"start":{"line":6,"column":27},"end":{"line":6,"column":null}},"3":{"start":{"line":12,"column":2},"end":{"line":18,"column":null}},"4":{"start":{"line":13,"column":4},"end":{"line":17,"column":null}},"5":{"start":{"line":14,"column":6},"end":{"line":14,"column":null}},"6":{"start":{"line":20,"column":8},"end":{"line":20,"column":null}},"7":{"start":{"line":20,"column":21},"end":{"line":20,"column":null}},"8":{"start":{"line":21,"column":2},"end":{"line":21,"column":null}},"9":{"start":{"line":46,"column":42},"end":{"line":46,"column":null}},"10":{"start":{"line":49,"column":2},"end":{"line":49,"column":null}},"11":{"start":{"line":53,"column":2},"end":{"line":53,"column":null}},"12":{"start":{"line":53,"column":43},"end":{"line":53,"column":null}},"13":{"start":{"line":54,"column":12},"end":{"line":54,"column":null}},"14":{"start":{"line":55,"column":2},"end":{"line":55,"column":null}},"15":{"start":{"line":55,"column":53},"end":{"line":55,"column":null}},"16":{"start":{"line":56,"column":2},"end":{"line":56,"column":null}},"17":{"start":{"line":56,"column":92},"end":{"line":56,"column":null}},"18":{"start":{"line":57,"column":2},"end":{"line":57,"column":null}},"19":{"start":{"line":57,"column":40},"end":{"line":57,"column":null}},"20":{"start":{"line":58,"column":2},"end":{"line":58,"column":null}},"21":{"start":{"line":58,"column":47},"end":{"line":58,"column":null}},"22":{"start":{"line":59,"column":2},"end":{"line":59,"column":null}},"23":{"start":{"line":59,"column":67},"end":{"line":59,"column":null}},"24":{"start":{"line":60,"column":2},"end":{"line":60,"column":null}},"25":{"start":{"line":60,"column":63},"end":{"line":60,"column":null}},"26":{"start":{"line":61,"column":2},"end":{"line":61,"column":null}},"27":{"start":{"line":65,"column":2},"end":{"line":65,"column":null}},"28":{"start":{"line":65,"column":43},"end":{"line":65,"column":null}},"29":{"start":{"line":66,"column":12},"end":{"line":66,"column":null}},"30":{"start":{"line":67,"column":2},"end":{"line":67,"column":null}},"31":{"start":{"line":67,"column":53},"end":{"line":67,"column":null}},"32":{"start":{"line":68,"column":2},"end":{"line":68,"column":null}},"33":{"start":{"line":68,"column":35},"end":{"line":68,"column":null}},"34":{"start":{"line":69,"column":2},"end":{"line":69,"column":null}},"35":{"start":{"line":69,"column":38},"end":{"line":69,"column":null}},"36":{"start":{"line":70,"column":2},"end":{"line":70,"column":null}},"37":{"start":{"line":70,"column":92},"end":{"line":70,"column":null}},"38":{"start":{"line":71,"column":2},"end":{"line":71,"column":null}},"39":{"start":{"line":75,"column":2},"end":{"line":75,"column":null}},"40":{"start":{"line":75,"column":43},"end":{"line":75,"column":null}},"41":{"start":{"line":76,"column":12},"end":{"line":76,"column":null}},"42":{"start":{"line":77,"column":2},"end":{"line":77,"column":null}},"43":{"start":{"line":77,"column":63},"end":{"line":77,"column":null}},"44":{"start":{"line":78,"column":2},"end":{"line":78,"column":null}},"45":{"start":{"line":78,"column":39},"end":{"line":78,"column":null}},"46":{"start":{"line":79,"column":2},"end":{"line":79,"column":null}},"47":{"start":{"line":79,"column":64},"end":{"line":79,"column":null}},"48":{"start":{"line":80,"column":2},"end":{"line":80,"column":null}},"49":{"start":{"line":80,"column":62},"end":{"line":80,"column":null}},"50":{"start":{"line":81,"column":2},"end":{"line":81,"column":null}},"51":{"start":{"line":81,"column":71},"end":{"line":81,"column":null}},"52":{"start":{"line":82,"column":2},"end":{"line":82,"column":null}},"53":{"start":{"line":82,"column":29},"end":{"line":82,"column":null}},"54":{"start":{"line":83,"column":2},"end":{"line":83,"column":null}},"55":{"start":{"line":83,"column":57},"end":{"line":83,"column":null}},"56":{"start":{"line":84,"column":2},"end":{"line":84,"column":null}},"57":{"start":{"line":116,"column":2},"end":{"line":116,"column":null}},"58":{"start":{"line":120,"column":2},"end":{"line":120,"column":null}},"59":{"start":{"line":120,"column":47},"end":{"line":120,"column":null}},"60":{"start":{"line":121,"column":14},"end":{"line":121,"column":null}},"61":{"start":{"line":122,"column":2},"end":{"line":145,"column":null}},"62":{"start":{"line":124,"column":6},"end":{"line":129,"column":null}},"63":{"start":{"line":132,"column":6},"end":{"line":132,"column":null}},"64":{"start":{"line":134,"column":6},"end":{"line":134,"column":null}},"65":{"start":{"line":136,"column":6},"end":{"line":136,"column":null}},"66":{"start":{"line":140,"column":6},"end":{"line":140,"column":null}},"67":{"start":{"line":142,"column":6},"end":{"line":142,"column":null}},"68":{"start":{"line":144,"column":6},"end":{"line":144,"column":null}}},"fnMap":{"0":{"name":"randomId","decl":{"start":{"line":11,"column":16},"end":{"line":11,"column":35}},"loc":{"start":{"line":11,"column":35},"end":{"line":22,"column":null}},"line":11},"1":{"name":"(anonymous_1)","decl":{"start":{"line":20,"column":8},"end":{"line":20,"column":21}},"loc":{"start":{"line":20,"column":21},"end":{"line":20,"column":null}},"line":20},"2":{"name":"isGamePhase","decl":{"start":{"line":48,"column":9},"end":{"line":48,"column":21}},"loc":{"start":{"line":48,"column":49},"end":{"line":50,"column":null}},"line":48},"3":{"name":"isPlayer","decl":{"start":{"line":52,"column":9},"end":{"line":52,"column":18}},"loc":{"start":{"line":52,"column":43},"end":{"line":62,"column":null}},"line":52},"4":{"name":"isStory","decl":{"start":{"line":64,"column":9},"end":{"line":64,"column":17}},"loc":{"start":{"line":64,"column":41},"end":{"line":72,"column":null}},"line":64},"5":{"name":"isGameState","decl":{"start":{"line":74,"column":9},"end":{"line":74,"column":21}},"loc":{"start":{"line":74,"column":49},"end":{"line":85,"column":null}},"line":74},"6":{"name":"isCardValue","decl":{"start":{"line":115,"column":16},"end":{"line":115,"column":28}},"loc":{"start":{"line":115,"column":56},"end":{"line":117,"column":null}},"line":115},"7":{"name":"isPeerMessage","decl":{"start":{"line":119,"column":16},"end":{"line":119,"column":30}},"loc":{"start":{"line":119,"column":64},"end":{"line":146,"column":null}},"line":119}},"branchMap":{"0":{"loc":{"start":{"line":12,"column":2},"end":{"line":18,"column":null}},"type":"if","locations":[{"start":{"line":12,"column":2},"end":{"line":18,"column":null}},{"start":{},"end":{}}],"line":12},"1":{"loc":{"start":{"line":12,"column":6},"end":{"line":12,"column":80}},"type":"binary-expr","locations":[{"start":{"line":12,"column":6},"end":{"line":12,"column":39}},{"start":{"line":12,"column":39},"end":{"line":12,"column":80}}],"line":12},"2":{"loc":{"start":{"line":49,"column":9},"end":{"line":49,"column":null}},"type":"binary-expr","locations":[{"start":{"line":49,"column":9},"end":{"line":49,"column":35}},{"start":{"line":49,"column":35},"end":{"line":49,"column":null}}],"line":49},"3":{"loc":{"start":{"line":53,"column":2},"end":{"line":53,"column":null}},"type":"if","locations":[{"start":{"line":53,"column":2},"end":{"line":53,"column":null}},{"start":{},"end":{}}],"line":53},"4":{"loc":{"start":{"line":53,"column":6},"end":{"line":53,"column":43}},"type":"binary-expr","locations":[{"start":{"line":53,"column":6},"end":{"line":53,"column":31}},{"start":{"line":53,"column":31},"end":{"line":53,"column":43}}],"line":53},"5":{"loc":{"start":{"line":55,"column":2},"end":{"line":55,"column":null}},"type":"if","locations":[{"start":{"line":55,"column":2},"end":{"line":55,"column":null}},{"start":{},"end":{}}],"line":55},"6":{"loc":{"start":{"line":55,"column":6},"end":{"line":55,"column":53}},"type":"binary-expr","locations":[{"start":{"line":55,"column":6},"end":{"line":55,"column":34}},{"start":{"line":55,"column":34},"end":{"line":55,"column":53}}],"line":55},"7":{"loc":{"start":{"line":56,"column":2},"end":{"line":56,"column":null}},"type":"if","locations":[{"start":{"line":56,"column":2},"end":{"line":56,"column":null}},{"start":{},"end":{}}],"line":56},"8":{"loc":{"start":{"line":56,"column":6},"end":{"line":56,"column":92}},"type":"binary-expr","locations":[{"start":{"line":56,"column":6},"end":{"line":56,"column":36}},{"start":{"line":56,"column":36},"end":{"line":56,"column":59}},{"start":{"line":56,"column":59},"end":{"line":56,"column":92}}],"line":56},"9":{"loc":{"start":{"line":57,"column":2},"end":{"line":57,"column":null}},"type":"if","locations":[{"start":{"line":57,"column":2},"end":{"line":57,"column":null}},{"start":{},"end":{}}],"line":57},"10":{"loc":{"start":{"line":58,"column":2},"end":{"line":58,"column":null}},"type":"if","locations":[{"start":{"line":58,"column":2},"end":{"line":58,"column":null}},{"start":{},"end":{}}],"line":58},"11":{"loc":{"start":{"line":58,"column":6},"end":{"line":58,"column":47}},"type":"binary-expr","locations":[{"start":{"line":58,"column":6},"end":{"line":58,"column":25}},{"start":{"line":58,"column":25},"end":{"line":58,"column":47}}],"line":58},"12":{"loc":{"start":{"line":59,"column":2},"end":{"line":59,"column":null}},"type":"if","locations":[{"start":{"line":59,"column":2},"end":{"line":59,"column":null}},{"start":{},"end":{}}],"line":59},"13":{"loc":{"start":{"line":59,"column":6},"end":{"line":59,"column":67}},"type":"binary-expr","locations":[{"start":{"line":59,"column":6},"end":{"line":59,"column":34}},{"start":{"line":59,"column":34},"end":{"line":59,"column":67}}],"line":59},"14":{"loc":{"start":{"line":60,"column":2},"end":{"line":60,"column":null}},"type":"if","locations":[{"start":{"line":60,"column":2},"end":{"line":60,"column":null}},{"start":{},"end":{}}],"line":60},"15":{"loc":{"start":{"line":60,"column":6},"end":{"line":60,"column":63}},"type":"binary-expr","locations":[{"start":{"line":60,"column":6},"end":{"line":60,"column":32}},{"start":{"line":60,"column":32},"end":{"line":60,"column":63}}],"line":60},"16":{"loc":{"start":{"line":65,"column":2},"end":{"line":65,"column":null}},"type":"if","locations":[{"start":{"line":65,"column":2},"end":{"line":65,"column":null}},{"start":{},"end":{}}],"line":65},"17":{"loc":{"start":{"line":65,"column":6},"end":{"line":65,"column":43}},"type":"binary-expr","locations":[{"start":{"line":65,"column":6},"end":{"line":65,"column":31}},{"start":{"line":65,"column":31},"end":{"line":65,"column":43}}],"line":65},"18":{"loc":{"start":{"line":67,"column":2},"end":{"line":67,"column":null}},"type":"if","locations":[{"start":{"line":67,"column":2},"end":{"line":67,"column":null}},{"start":{},"end":{}}],"line":67},"19":{"loc":{"start":{"line":67,"column":6},"end":{"line":67,"column":53}},"type":"binary-expr","locations":[{"start":{"line":67,"column":6},"end":{"line":67,"column":34}},{"start":{"line":67,"column":34},"end":{"line":67,"column":53}}],"line":67},"20":{"loc":{"start":{"line":68,"column":2},"end":{"line":68,"column":null}},"type":"if","locations":[{"start":{"line":68,"column":2},"end":{"line":68,"column":null}},{"start":{},"end":{}}],"line":68},"21":{"loc":{"start":{"line":69,"column":2},"end":{"line":69,"column":null}},"type":"if","locations":[{"start":{"line":69,"column":2},"end":{"line":69,"column":null}},{"start":{},"end":{}}],"line":69},"22":{"loc":{"start":{"line":70,"column":2},"end":{"line":70,"column":null}},"type":"if","locations":[{"start":{"line":70,"column":2},"end":{"line":70,"column":null}},{"start":{},"end":{}}],"line":70},"23":{"loc":{"start":{"line":70,"column":6},"end":{"line":70,"column":92}},"type":"binary-expr","locations":[{"start":{"line":70,"column":6},"end":{"line":70,"column":29}},{"start":{"line":70,"column":29},"end":{"line":70,"column":62}},{"start":{"line":70,"column":62},"end":{"line":70,"column":92}}],"line":70},"24":{"loc":{"start":{"line":75,"column":2},"end":{"line":75,"column":null}},"type":"if","locations":[{"start":{"line":75,"column":2},"end":{"line":75,"column":null}},{"start":{},"end":{}}],"line":75},"25":{"loc":{"start":{"line":75,"column":6},"end":{"line":75,"column":43}},"type":"binary-expr","locations":[{"start":{"line":75,"column":6},"end":{"line":75,"column":31}},{"start":{"line":75,"column":31},"end":{"line":75,"column":43}}],"line":75},"26":{"loc":{"start":{"line":77,"column":2},"end":{"line":77,"column":null}},"type":"if","locations":[{"start":{"line":77,"column":2},"end":{"line":77,"column":null}},{"start":{},"end":{}}],"line":77},"27":{"loc":{"start":{"line":77,"column":6},"end":{"line":77,"column":63}},"type":"binary-expr","locations":[{"start":{"line":77,"column":6},"end":{"line":77,"column":35}},{"start":{"line":77,"column":35},"end":{"line":77,"column":63}}],"line":77},"28":{"loc":{"start":{"line":78,"column":2},"end":{"line":78,"column":null}},"type":"if","locations":[{"start":{"line":78,"column":2},"end":{"line":78,"column":null}},{"start":{},"end":{}}],"line":78},"29":{"loc":{"start":{"line":79,"column":2},"end":{"line":79,"column":null}},"type":"if","locations":[{"start":{"line":79,"column":2},"end":{"line":79,"column":null}},{"start":{},"end":{}}],"line":79},"30":{"loc":{"start":{"line":79,"column":6},"end":{"line":79,"column":64}},"type":"binary-expr","locations":[{"start":{"line":79,"column":6},"end":{"line":79,"column":37}},{"start":{"line":79,"column":37},"end":{"line":79,"column":64}}],"line":79},"31":{"loc":{"start":{"line":80,"column":2},"end":{"line":80,"column":null}},"type":"if","locations":[{"start":{"line":80,"column":2},"end":{"line":80,"column":null}},{"start":{},"end":{}}],"line":80},"32":{"loc":{"start":{"line":80,"column":6},"end":{"line":80,"column":62}},"type":"binary-expr","locations":[{"start":{"line":80,"column":6},"end":{"line":80,"column":35}},{"start":{"line":80,"column":35},"end":{"line":80,"column":62}}],"line":80},"33":{"loc":{"start":{"line":81,"column":2},"end":{"line":81,"column":null}},"type":"if","locations":[{"start":{"line":81,"column":2},"end":{"line":81,"column":null}},{"start":{},"end":{}}],"line":81},"34":{"loc":{"start":{"line":81,"column":6},"end":{"line":81,"column":71}},"type":"binary-expr","locations":[{"start":{"line":81,"column":6},"end":{"line":81,"column":34}},{"start":{"line":81,"column":34},"end":{"line":81,"column":71}}],"line":81},"35":{"loc":{"start":{"line":82,"column":2},"end":{"line":82,"column":null}},"type":"if","locations":[{"start":{"line":82,"column":2},"end":{"line":82,"column":null}},{"start":{},"end":{}}],"line":82},"36":{"loc":{"start":{"line":83,"column":2},"end":{"line":83,"column":null}},"type":"if","locations":[{"start":{"line":83,"column":2},"end":{"line":83,"column":null}},{"start":{},"end":{}}],"line":83},"37":{"loc":{"start":{"line":83,"column":6},"end":{"line":83,"column":57}},"type":"binary-expr","locations":[{"start":{"line":83,"column":6},"end":{"line":83,"column":27}},{"start":{"line":83,"column":27},"end":{"line":83,"column":57}}],"line":83},"38":{"loc":{"start":{"line":120,"column":2},"end":{"line":120,"column":null}},"type":"if","locations":[{"start":{"line":120,"column":2},"end":{"line":120,"column":null}},{"start":{},"end":{}}],"line":120},"39":{"loc":{"start":{"line":120,"column":6},"end":{"line":120,"column":47}},"type":"binary-expr","locations":[{"start":{"line":120,"column":6},"end":{"line":120,"column":33}},{"start":{"line":120,"column":33},"end":{"line":120,"column":47}}],"line":120},"40":{"loc":{"start":{"line":122,"column":2},"end":{"line":145,"column":null}},"type":"switch","locations":[{"start":{"line":123,"column":4},"end":{"line":129,"column":null}},{"start":{"line":131,"column":4},"end":{"line":132,"column":null}},{"start":{"line":133,"column":4},"end":{"line":134,"column":null}},{"start":{"line":135,"column":4},"end":{"line":136,"column":null}},{"start":{"line":137,"column":4},"end":{"line":137,"column":null}},{"start":{"line":138,"column":4},"end":{"line":138,"column":null}},{"start":{"line":139,"column":4},"end":{"line":140,"column":null}},{"start":{"line":141,"column":4},"end":{"line":142,"column":null}},{"start":{"line":143,"column":4},"end":{"line":144,"column":null}}],"line":122},"41":{"loc":{"start":{"line":125,"column":8},"end":{"line":129,"column":null}},"type":"binary-expr","locations":[{"start":{"line":125,"column":8},"end":{"line":125,"column":null}},{"start":{"line":126,"column":8},"end":{"line":126,"column":null}},{"start":{"line":127,"column":8},"end":{"line":127,"column":null}},{"start":{"line":128,"column":8},"end":{"line":128,"column":null}},{"start":{"line":129,"column":8},"end":{"line":129,"column":null}}],"line":125}},"s":{"0":10,"1":10,"2":10,"3":101,"4":101,"5":101,"6":0,"7":0,"8":0,"9":10,"10":3,"11":4,"12":0,"13":4,"14":4,"15":1,"16":3,"17":0,"18":3,"19":0,"20":3,"21":1,"22":2,"23":0,"24":2,"25":0,"26":2,"27":2,"28":0,"29":2,"30":2,"31":0,"32":2,"33":0,"34":2,"35":0,"36":2,"37":1,"38":1,"39":7,"40":0,"41":7,"42":7,"43":2,"44":5,"45":0,"46":5,"47":1,"48":4,"49":1,"50":3,"51":0,"52":3,"53":1,"54":2,"55":0,"56":2,"57":28,"58":53,"59":2,"60":51,"61":51,"62":25,"63":3,"64":3,"65":9,"66":3,"67":7,"68":1},"f":{"0":101,"1":0,"2":3,"3":4,"4":2,"5":7,"6":28,"7":53},"b":{"0":[101,0],"1":[101,101],"2":[3,3],"3":[0,4],"4":[4,4],"5":[1,3],"6":[4,4],"7":[0,3],"8":[3,3,3],"9":[0,3],"10":[1,2],"11":[3,2],"12":[0,2],"13":[2,0],"14":[0,2],"15":[2,0],"16":[0,2],"17":[2,2],"18":[0,2],"19":[2,2],"20":[0,2],"21":[0,2],"22":[1,1],"23":[2,2,2],"24":[0,7],"25":[7,7],"26":[2,5],"27":[7,7],"28":[0,5],"29":[1,4],"30":[5,5],"31":[1,3],"32":[4,4],"33":[0,3],"34":[3,0],"35":[1,2],"36":[0,2],"37":[2,1],"38":[2,51],"39":[53,52],"40":[51,3,3,9,1,2,3,7,1],"41":[25,25,24,23,23]},"meta":{"lastBranch":42,"lastFunction":8,"lastStatement":69,"seen":{"s:3:44:3:Infinity":0,"s:5:31:5:Infinity":1,"s:6:27:6:Infinity":2,"f:11:16:11:35":0,"b:12:2:18:Infinity:undefined:undefined:undefined:undefined":0,"s:12:2:18:Infinity":3,"b:12:6:12:39:12:39:12:80":1,"s:13:4:17:Infinity":4,"s:14:6:14:Infinity":5,"s:20:8:20:Infinity":6,"f:20:8:20:21":1,"s:20:21:20:Infinity":7,"s:21:2:21:Infinity":8,"s:46:42:46:Infinity":9,"f:48:9:48:21":2,"s:49:2:49:Infinity":10,"b:49:9:49:35:49:35:49:Infinity":2,"f:52:9:52:18":3,"b:53:2:53:Infinity:undefined:undefined:undefined:undefined":3,"s:53:2:53:Infinity":11,"b:53:6:53:31:53:31:53:43":4,"s:53:43:53:Infinity":12,"s:54:12:54:Infinity":13,"b:55:2:55:Infinity:undefined:undefined:undefined:undefined":5,"s:55:2:55:Infinity":14,"b:55:6:55:34:55:34:55:53":6,"s:55:53:55:Infinity":15,"b:56:2:56:Infinity:undefined:undefined:undefined:undefined":7,"s:56:2:56:Infinity":16,"b:56:6:56:36:56:36:56:59:56:59:56:92":8,"s:56:92:56:Infinity":17,"b:57:2:57:Infinity:undefined:undefined:undefined:undefined":9,"s:57:2:57:Infinity":18,"s:57:40:57:Infinity":19,"b:58:2:58:Infinity:undefined:undefined:undefined:undefined":10,"s:58:2:58:Infinity":20,"b:58:6:58:25:58:25:58:47":11,"s:58:47:58:Infinity":21,"b:59:2:59:Infinity:undefined:undefined:undefined:undefined":12,"s:59:2:59:Infinity":22,"b:59:6:59:34:59:34:59:67":13,"s:59:67:59:Infinity":23,"b:60:2:60:Infinity:undefined:undefined:undefined:undefined":14,"s:60:2:60:Infinity":24,"b:60:6:60:32:60:32:60:63":15,"s:60:63:60:Infinity":25,"s:61:2:61:Infinity":26,"f:64:9:64:17":4,"b:65:2:65:Infinity:undefined:undefined:undefined:undefined":16,"s:65:2:65:Infinity":27,"b:65:6:65:31:65:31:65:43":17,"s:65:43:65:Infinity":28,"s:66:12:66:Infinity":29,"b:67:2:67:Infinity:undefined:undefined:undefined:undefined":18,"s:67:2:67:Infinity":30,"b:67:6:67:34:67:34:67:53":19,"s:67:53:67:Infinity":31,"b:68:2:68:Infinity:undefined:undefined:undefined:undefined":20,"s:68:2:68:Infinity":32,"s:68:35:68:Infinity":33,"b:69:2:69:Infinity:undefined:undefined:undefined:undefined":21,"s:69:2:69:Infinity":34,"s:69:38:69:Infinity":35,"b:70:2:70:Infinity:undefined:undefined:undefined:undefined":22,"s:70:2:70:Infinity":36,"b:70:6:70:29:70:29:70:62:70:62:70:92":23,"s:70:92:70:Infinity":37,"s:71:2:71:Infinity":38,"f:74:9:74:21":5,"b:75:2:75:Infinity:undefined:undefined:undefined:undefined":24,"s:75:2:75:Infinity":39,"b:75:6:75:31:75:31:75:43":25,"s:75:43:75:Infinity":40,"s:76:12:76:Infinity":41,"b:77:2:77:Infinity:undefined:undefined:undefined:undefined":26,"s:77:2:77:Infinity":42,"b:77:6:77:35:77:35:77:63":27,"s:77:63:77:Infinity":43,"b:78:2:78:Infinity:undefined:undefined:undefined:undefined":28,"s:78:2:78:Infinity":44,"s:78:39:78:Infinity":45,"b:79:2:79:Infinity:undefined:undefined:undefined:undefined":29,"s:79:2:79:Infinity":46,"b:79:6:79:37:79:37:79:64":30,"s:79:64:79:Infinity":47,"b:80:2:80:Infinity:undefined:undefined:undefined:undefined":31,"s:80:2:80:Infinity":48,"b:80:6:80:35:80:35:80:62":32,"s:80:62:80:Infinity":49,"b:81:2:81:Infinity:undefined:undefined:undefined:undefined":33,"s:81:2:81:Infinity":50,"b:81:6:81:34:81:34:81:71":34,"s:81:71:81:Infinity":51,"b:82:2:82:Infinity:undefined:undefined:undefined:undefined":35,"s:82:2:82:Infinity":52,"s:82:29:82:Infinity":53,"b:83:2:83:Infinity:undefined:undefined:undefined:undefined":36,"s:83:2:83:Infinity":54,"b:83:6:83:27:83:27:83:57":37,"s:83:57:83:Infinity":55,"s:84:2:84:Infinity":56,"f:115:16:115:28":6,"s:116:2:116:Infinity":57,"f:119:16:119:30":7,"b:120:2:120:Infinity:undefined:undefined:undefined:undefined":38,"s:120:2:120:Infinity":58,"b:120:6:120:33:120:33:120:47":39,"s:120:47:120:Infinity":59,"s:121:14:121:Infinity":60,"b:123:4:129:Infinity:131:4:132:Infinity:133:4:134:Infinity:135:4:136:Infinity:137:4:137:Infinity:138:4:138:Infinity:139:4:140:Infinity:141:4:142:Infinity:143:4:144:Infinity":40,"s:122:2:145:Infinity":61,"s:124:6:129:Infinity":62,"b:125:8:125:Infinity:126:8:126:Infinity:127:8:127:Infinity:128:8:128:Infinity:129:8:129:Infinity":41,"s:132:6:132:Infinity":63,"s:134:6:134:Infinity":64,"s:136:6:136:Infinity":65,"s:140:6:140:Infinity":66,"s:142:6:142:Infinity":67,"s:144:6:144:Infinity":68}}}
,"D:\\IdeaProjects\\planning-poker\\src\\components\\CardDeck.tsx": {"path":"D:\\IdeaProjects\\planning-poker\\src\\components\\CardDeck.tsx","statementMap":{"0":{"start":{"line":17,"column":8},"end":{"line":17,"column":null}},"1":{"start":{"line":18,"column":8},"end":{"line":23,"column":null}},"2":{"start":{"line":19,"column":4},"end":{"line":19,"column":null}},"3":{"start":{"line":19,"column":53},"end":{"line":19,"column":null}},"4":{"start":{"line":20,"column":4},"end":{"line":20,"column":null}},"5":{"start":{"line":20,"column":46},"end":{"line":20,"column":null}},"6":{"start":{"line":21,"column":4},"end":{"line":21,"column":null}},"7":{"start":{"line":22,"column":4},"end":{"line":22,"column":null}},"8":{"start":{"line":25,"column":2},"end":{"line":54,"column":null}},"9":{"start":{"line":28,"column":27},"end":{"line":28,"column":null}},"10":{"start":{"line":29,"column":23},"end":{"line":29,"column":null}},"11":{"start":{"line":30,"column":8},"end":{"line":51,"column":null}},"12":{"start":{"line":33,"column":27},"end":{"line":33,"column":null}}},"fnMap":{"0":{"name":"CardDeck","decl":{"start":{"line":13,"column":16},"end":{"line":13,"column":25}},"loc":{"start":{"line":13,"column":96},"end":{"line":56,"column":null}},"line":13},"1":{"name":"(anonymous_1)","decl":{"start":{"line":18,"column":8},"end":{"line":18,"column":33}},"loc":{"start":{"line":18,"column":33},"end":{"line":23,"column":null}},"line":18},"2":{"name":"(anonymous_2)","decl":{"start":{"line":27,"column":23},"end":{"line":27,"column":28}},"loc":{"start":{"line":27,"column":40},"end":{"line":53,"column":7}},"line":27},"3":{"name":"(anonymous_3)","decl":{"start":{"line":33,"column":12},"end":{"line":33,"column":27}},"loc":{"start":{"line":33,"column":27},"end":{"line":33,"column":null}},"line":33}},"branchMap":{"0":{"loc":{"start":{"line":13,"column":69},"end":{"line":13,"column":96}},"type":"default-arg","locations":[{"start":{"line":13,"column":80},"end":{"line":13,"column":96}}],"line":13},"1":{"loc":{"start":{"line":19,"column":4},"end":{"line":19,"column":null}},"type":"if","locations":[{"start":{"line":19,"column":4},"end":{"line":19,"column":null}},{"start":{},"end":{}}],"line":19},"2":{"loc":{"start":{"line":19,"column":8},"end":{"line":19,"column":53}},"type":"binary-expr","locations":[{"start":{"line":19,"column":8},"end":{"line":19,"column":20}},{"start":{"line":19,"column":20},"end":{"line":19,"column":35}},{"start":{"line":19,"column":35},"end":{"line":19,"column":53}}],"line":19},"3":{"loc":{"start":{"line":20,"column":4},"end":{"line":20,"column":null}},"type":"if","locations":[{"start":{"line":20,"column":4},"end":{"line":20,"column":null}},{"start":{},"end":{}}],"line":20},"4":{"loc":{"start":{"line":33,"column":27},"end":{"line":33,"column":null}},"type":"binary-expr","locations":[{"start":{"line":33,"column":27},"end":{"line":33,"column":40}},{"start":{"line":33,"column":40},"end":{"line":33,"column":null}}],"line":33},"5":{"loc":{"start":{"line":38,"column":14},"end":{"line":42,"column":null}},"type":"cond-expr","locations":[{"start":{"line":39,"column":18},"end":{"line":39,"column":null}},{"start":{"line":40,"column":18},"end":{"line":42,"column":null}}],"line":38},"6":{"loc":{"start":{"line":40,"column":18},"end":{"line":42,"column":null}},"type":"cond-expr","locations":[{"start":{"line":41,"column":20},"end":{"line":41,"column":null}},{"start":{"line":42,"column":20},"end":{"line":42,"column":null}}],"line":40},"7":{"loc":{"start":{"line":43,"column":14},"end":{"line":47,"column":null}},"type":"cond-expr","locations":[{"start":{"line":44,"column":18},"end":{"line":44,"column":null}},{"start":{"line":45,"column":18},"end":{"line":47,"column":null}}],"line":43},"8":{"loc":{"start":{"line":45,"column":18},"end":{"line":47,"column":null}},"type":"cond-expr","locations":[{"start":{"line":46,"column":20},"end":{"line":46,"column":null}},{"start":{"line":47,"column":20},"end":{"line":47,"column":null}}],"line":45}},"s":{"0":24,"1":24,"2":6,"3":1,"4":5,"5":1,"6":4,"7":4,"8":24,"9":216,"10":216,"11":216,"12":3},"f":{"0":24,"1":6,"2":216,"3":3},"b":{"0":[24],"1":[1,5],"2":[6,6,5],"3":[1,4],"4":[3,3],"5":[18,198],"6":[3,195],"7":[3,213],"8":[18,195]},"meta":{"lastBranch":9,"lastFunction":4,"lastStatement":13,"seen":{"f:13:16:13:25":0,"b:13:80:13:96":0,"s:17:8:17:Infinity":0,"s:18:8:23:Infinity":1,"f:18:8:18:33":1,"b:19:4:19:Infinity:undefined:undefined:undefined:undefined":1,"s:19:4:19:Infinity":2,"b:19:8:19:20:19:20:19:35:19:35:19:53":2,"s:19:53:19:Infinity":3,"b:20:4:20:Infinity:undefined:undefined:undefined:undefined":3,"s:20:4:20:Infinity":4,"s:20:46:20:Infinity":5,"s:21:4:21:Infinity":6,"s:22:4:22:Infinity":7,"s:25:2:54:Infinity":8,"f:27:23:27:28":2,"s:28:27:28:Infinity":9,"s:29:23:29:Infinity":10,"s:30:8:51:Infinity":11,"f:33:12:33:27":3,"s:33:27:33:Infinity":12,"b:33:27:33:40:33:40:33:Infinity":4,"b:39:18:39:Infinity:40:18:42:Infinity":5,"b:41:20:41:Infinity:42:20:42:Infinity":6,"b:44:18:44:Infinity:45:18:47:Infinity":7,"b:46:20:46:Infinity:47:20:47:Infinity":8}}}
,"D:\\IdeaProjects\\planning-poker\\src\\components\\GuestRoom.tsx": {"path":"D:\\IdeaProjects\\planning-poker\\src\\components\\GuestRoom.tsx","statementMap":{"0":{"start":{"line":18,"column":55},"end":{"line":18,"column":null}},"1":{"start":{"line":20,"column":8},"end":{"line":20,"column":null}},"2":{"start":{"line":22,"column":2},"end":{"line":27,"column":null}},"3":{"start":{"line":23,"column":4},"end":{"line":26,"column":null}},"4":{"start":{"line":24,"column":6},"end":{"line":24,"column":null}},"5":{"start":{"line":25,"column":6},"end":{"line":25,"column":null}},"6":{"start":{"line":29,"column":2},"end":{"line":33,"column":null}},"7":{"start":{"line":30,"column":4},"end":{"line":32,"column":null}},"8":{"start":{"line":31,"column":6},"end":{"line":31,"column":null}},"9":{"start":{"line":35,"column":19},"end":{"line":35,"column":null}},"10":{"start":{"line":35,"column":69},"end":{"line":35,"column":82}},"11":{"start":{"line":36,"column":17},"end":{"line":36,"column":null}},"12":{"start":{"line":38,"column":8},"end":{"line":40,"column":null}},"13":{"start":{"line":39,"column":4},"end":{"line":39,"column":null}},"14":{"start":{"line":39,"column":30},"end":{"line":39,"column":null}},"15":{"start":{"line":42,"column":8},"end":{"line":45,"column":null}},"16":{"start":{"line":43,"column":4},"end":{"line":43,"column":null}},"17":{"start":{"line":44,"column":4},"end":{"line":44,"column":null}},"18":{"start":{"line":47,"column":2},"end":{"line":62,"column":null}},"19":{"start":{"line":48,"column":4},"end":{"line":60,"column":null}},"20":{"start":{"line":64,"column":2},"end":{"line":78,"column":null}},"21":{"start":{"line":65,"column":4},"end":{"line":76,"column":null}},"22":{"start":{"line":80,"column":2},"end":{"line":86,"column":null}},"23":{"start":{"line":81,"column":4},"end":{"line":84,"column":null}},"24":{"start":{"line":88,"column":2},"end":{"line":94,"column":null}},"25":{"start":{"line":89,"column":4},"end":{"line":92,"column":null}},"26":{"start":{"line":96,"column":2},"end":{"line":102,"column":null}},"27":{"start":{"line":97,"column":4},"end":{"line":100,"column":null}},"28":{"start":{"line":104,"column":25},"end":{"line":104,"column":null}},"29":{"start":{"line":104,"column":57},"end":{"line":104,"column":68}},"30":{"start":{"line":105,"column":21},"end":{"line":107,"column":null}},"31":{"start":{"line":106,"column":11},"end":{"line":106,"column":null}},"32":{"start":{"line":108,"column":22},"end":{"line":108,"column":null}},"33":{"start":{"line":108,"column":52},"end":{"line":108,"column":84}},"34":{"start":{"line":110,"column":2},"end":{"line":227,"column":null}},"35":{"start":{"line":170,"column":31},"end":{"line":170,"column":62}},"36":{"start":{"line":172,"column":18},"end":{"line":180,"column":null}},"37":{"start":{"line":186,"column":35},"end":{"line":186,"column":66}},"38":{"start":{"line":187,"column":40},"end":{"line":187,"column":58}}},"fnMap":{"0":{"name":"GuestRoom","decl":{"start":{"line":17,"column":16},"end":{"line":17,"column":26}},"loc":{"start":{"line":17,"column":80},"end":{"line":229,"column":null}},"line":17},"1":{"name":"(anonymous_1)","decl":{"start":{"line":22,"column":2},"end":{"line":22,"column":18}},"loc":{"start":{"line":22,"column":18},"end":{"line":27,"column":5}},"line":22},"2":{"name":"(anonymous_2)","decl":{"start":{"line":29,"column":2},"end":{"line":29,"column":18}},"loc":{"start":{"line":29,"column":18},"end":{"line":33,"column":5}},"line":29},"3":{"name":"(anonymous_3)","decl":{"start":{"line":35,"column":57},"end":{"line":35,"column":63}},"loc":{"start":{"line":35,"column":69},"end":{"line":35,"column":82}},"line":35},"4":{"name":"(anonymous_4)","decl":{"start":{"line":38,"column":8},"end":{"line":38,"column":22}},"loc":{"start":{"line":38,"column":43},"end":{"line":40,"column":null}},"line":38},"5":{"name":"(anonymous_5)","decl":{"start":{"line":42,"column":8},"end":{"line":42,"column":28}},"loc":{"start":{"line":42,"column":28},"end":{"line":45,"column":null}},"line":42},"6":{"name":"(anonymous_6)","decl":{"start":{"line":104,"column":43},"end":{"line":104,"column":51}},"loc":{"start":{"line":104,"column":57},"end":{"line":104,"column":68}},"line":104},"7":{"name":"(anonymous_7)","decl":{"start":{"line":105,"column":39},"end":{"line":105,"column":null}},"loc":{"start":{"line":106,"column":11},"end":{"line":106,"column":null}},"line":106},"8":{"name":"(anonymous_8)","decl":{"start":{"line":108,"column":40},"end":{"line":108,"column":46}},"loc":{"start":{"line":108,"column":52},"end":{"line":108,"column":84}},"line":108},"9":{"name":"(anonymous_9)","decl":{"start":{"line":170,"column":17},"end":{"line":170,"column":25}},"loc":{"start":{"line":170,"column":31},"end":{"line":170,"column":62}},"line":170},"10":{"name":"(anonymous_10)","decl":{"start":{"line":171,"column":17},"end":{"line":171,"column":22}},"loc":{"start":{"line":172,"column":18},"end":{"line":180,"column":null}},"line":172},"11":{"name":"(anonymous_11)","decl":{"start":{"line":186,"column":21},"end":{"line":186,"column":29}},"loc":{"start":{"line":186,"column":35},"end":{"line":186,"column":66}},"line":186},"12":{"name":"(anonymous_12)","decl":{"start":{"line":187,"column":21},"end":{"line":187,"column":29}},"loc":{"start":{"line":187,"column":40},"end":{"line":187,"column":58}},"line":187}},"branchMap":{"0":{"loc":{"start":{"line":23,"column":4},"end":{"line":26,"column":null}},"type":"if","locations":[{"start":{"line":23,"column":4},"end":{"line":26,"column":null}},{"start":{},"end":{}}],"line":23},"1":{"loc":{"start":{"line":23,"column":8},"end":{"line":23,"column":53}},"type":"binary-expr","locations":[{"start":{"line":23,"column":8},"end":{"line":23,"column":34}},{"start":{"line":23,"column":34},"end":{"line":23,"column":53}}],"line":23},"2":{"loc":{"start":{"line":30,"column":4},"end":{"line":32,"column":null}},"type":"if","locations":[{"start":{"line":30,"column":4},"end":{"line":32,"column":null}},{"start":{},"end":{}}],"line":30},"3":{"loc":{"start":{"line":35,"column":19},"end":{"line":35,"column":null}},"type":"cond-expr","locations":[{"start":{"line":35,"column":39},"end":{"line":35,"column":86}},{"start":{"line":35,"column":86},"end":{"line":35,"column":null}}],"line":35},"4":{"loc":{"start":{"line":35,"column":19},"end":{"line":35,"column":39}},"type":"binary-expr","locations":[{"start":{"line":35,"column":19},"end":{"line":35,"column":27}},{"start":{"line":35,"column":27},"end":{"line":35,"column":39}}],"line":35},"5":{"loc":{"start":{"line":36,"column":17},"end":{"line":36,"column":null}},"type":"binary-expr","locations":[{"start":{"line":36,"column":17},"end":{"line":36,"column":35}},{"start":{"line":36,"column":35},"end":{"line":36,"column":null}}],"line":36},"6":{"loc":{"start":{"line":39,"column":4},"end":{"line":39,"column":null}},"type":"if","locations":[{"start":{"line":39,"column":4},"end":{"line":39,"column":null}},{"start":{},"end":{}}],"line":39},"7":{"loc":{"start":{"line":47,"column":2},"end":{"line":62,"column":null}},"type":"if","locations":[{"start":{"line":47,"column":2},"end":{"line":62,"column":null}},{"start":{},"end":{}}],"line":47},"8":{"loc":{"start":{"line":47,"column":6},"end":{"line":47,"column":35}},"type":"binary-expr","locations":[{"start":{"line":47,"column":6},"end":{"line":47,"column":15}},{"start":{"line":47,"column":15},"end":{"line":47,"column":35}}],"line":47},"9":{"loc":{"start":{"line":51,"column":62},"end":{"line":51,"column":103}},"type":"binary-expr","locations":[{"start":{"line":51,"column":62},"end":{"line":51,"column":71}},{"start":{"line":51,"column":71},"end":{"line":51,"column":103}}],"line":51},"10":{"loc":{"start":{"line":64,"column":2},"end":{"line":78,"column":null}},"type":"if","locations":[{"start":{"line":64,"column":2},"end":{"line":78,"column":null}},{"start":{},"end":{}}],"line":64},"11":{"loc":{"start":{"line":80,"column":2},"end":{"line":86,"column":null}},"type":"if","locations":[{"start":{"line":80,"column":2},"end":{"line":86,"column":null}},{"start":{},"end":{}}],"line":80},"12":{"loc":{"start":{"line":88,"column":2},"end":{"line":94,"column":null}},"type":"if","locations":[{"start":{"line":88,"column":2},"end":{"line":94,"column":null}},{"start":{},"end":{}}],"line":88},"13":{"loc":{"start":{"line":96,"column":2},"end":{"line":102,"column":null}},"type":"if","locations":[{"start":{"line":96,"column":2},"end":{"line":102,"column":null}},{"start":{},"end":{}}],"line":96},"14":{"loc":{"start":{"line":106,"column":11},"end":{"line":106,"column":null}},"type":"binary-expr","locations":[{"start":{"line":106,"column":11},"end":{"line":106,"column":27}},{"start":{"line":106,"column":27},"end":{"line":106,"column":41}},{"start":{"line":106,"column":41},"end":{"line":106,"column":null}}],"line":106},"15":{"loc":{"start":{"line":116,"column":13},"end":{"line":128,"column":null}},"type":"cond-expr","locations":[{"start":{"line":117,"column":14},"end":{"line":126,"column":15}},{"start":{"line":126,"column":14},"end":{"line":128,"column":null}}],"line":116},"16":{"loc":{"start":{"line":143,"column":9},"end":{"line":149,"column":null}},"type":"binary-expr","locations":[{"start":{"line":143,"column":9},"end":{"line":143,"column":41}},{"start":{"line":143,"column":41},"end":{"line":143,"column":null}},{"start":{"line":144,"column":10},"end":{"line":149,"column":null}}],"line":143},"17":{"loc":{"start":{"line":155,"column":13},"end":{"line":157,"column":null}},"type":"cond-expr","locations":[{"start":{"line":156,"column":16},"end":{"line":156,"column":null}},{"start":{"line":157,"column":16},"end":{"line":157,"column":null}}],"line":155},"18":{"loc":{"start":{"line":163,"column":9},"end":{"line":192,"column":null}},"type":"binary-expr","locations":[{"start":{"line":163,"column":9},"end":{"line":163,"column":null}},{"start":{"line":164,"column":10},"end":{"line":192,"column":null}}],"line":163},"19":{"loc":{"start":{"line":170,"column":31},"end":{"line":170,"column":62}},"type":"binary-expr","locations":[{"start":{"line":170,"column":31},"end":{"line":170,"column":44}},{"start":{"line":170,"column":44},"end":{"line":170,"column":62}}],"line":170},"20":{"loc":{"start":{"line":186,"column":35},"end":{"line":186,"column":66}},"type":"binary-expr","locations":[{"start":{"line":186,"column":35},"end":{"line":186,"column":48}},{"start":{"line":186,"column":48},"end":{"line":186,"column":66}}],"line":186},"21":{"loc":{"start":{"line":196,"column":9},"end":{"line":199,"column":null}},"type":"binary-expr","locations":[{"start":{"line":196,"column":9},"end":{"line":196,"column":41}},{"start":{"line":196,"column":41},"end":{"line":196,"column":null}},{"start":{"line":197,"column":10},"end":{"line":199,"column":null}}],"line":196},"22":{"loc":{"start":{"line":203,"column":9},"end":{"line":214,"column":null}},"type":"binary-expr","locations":[{"start":{"line":203,"column":9},"end":{"line":203,"column":41}},{"start":{"line":203,"column":41},"end":{"line":203,"column":null}},{"start":{"line":204,"column":10},"end":{"line":214,"column":null}}],"line":203},"23":{"loc":{"start":{"line":212,"column":46},"end":{"line":212,"column":null}},"type":"binary-expr","locations":[{"start":{"line":212,"column":46},"end":{"line":212,"column":73}},{"start":{"line":212,"column":73},"end":{"line":212,"column":null}}],"line":212},"24":{"loc":{"start":{"line":216,"column":9},"end":{"line":219,"column":null}},"type":"binary-expr","locations":[{"start":{"line":216,"column":9},"end":{"line":216,"column":41}},{"start":{"line":216,"column":41},"end":{"line":216,"column":null}},{"start":{"line":217,"column":10},"end":{"line":219,"column":null}}],"line":216},"25":{"loc":{"start":{"line":221,"column":9},"end":{"line":224,"column":null}},"type":"binary-expr","locations":[{"start":{"line":221,"column":9},"end":{"line":221,"column":null}},{"start":{"line":222,"column":10},"end":{"line":224,"colu
[...]
25":[5,0],"26":[1,4],"27":[5,4],"28":[0,4],"29":[0,4],"30":[0,0],"31":[0,0],"32":[0,0],"33":[0,0],"34":[0,0],"35":[0,1],"36":[0,1],"37":[1,1],"38":[0,18],"39":[18,18],"40":[0,0],"41":[0,0],"42":[0,0],"43":[0,0],"44":[0,0],"45":[0,0],"46":[0,0],"47":[0,0],"48":[0,0],"49":[0,0],"50":[0,0],"51":[0,0],"52":[0,0]},"meta":{"lastBranch":53,"lastFunction":65,"lastStatement":249,"seen":{"f:44:16:44:28":0,"b:44:76:44:99":0,"s:45:8:45:Infinity":0,"s:46:8:46:Infinity":1,"s:47:8:47:Infinity":2,"s:48:8:48:Infinity":3,"s:49:8:49:Infinity":4,"s:54:8:54:Infinity":5,"b:55:2:57:Infinity:undefined:undefined:undefined:undefined":1,"s:55:2:57:Infinity":6,"s:56:4:56:Infinity":7,"b:56:49:56:76:56:76:56:78":2,"s:60:8:60:Infinity":8,"s:61:2:61:Infinity":9,"s:64:8:64:Infinity":10,"s:65:2:65:Infinity":11,"s:67:17:67:Infinity":12,"s:68:16:68:Infinity":13,"s:69:25:69:Infinity":14,"s:70:20:82:Infinity":15,"f:70:36:70:62":1,"s:71:20:71:Infinity":16,"b:71:20:71:46:71:46:71:Infinity":3,"s:72:25:72:Infinity":17,"f:72:33:72:39":2,"s:72:45:72:76":18,"b:72:45:72:58:72:58:72:76":4,"s:73:4:81:Infinity":19,"b:78:21:78:41:78:41:78:Infinity":5,"s:86:8:86:Infinity":20,"s:87:2:87:Infinity":21,"s:89:8:96:Infinity":22,"f:89:20:89:33":3,"s:90:4:95:Infinity":23,"f:90:27:90:36":4,"b:91:6:94:Infinity:undefined:undefined:undefined:undefined":6,"s:91:6:94:Infinity":24,"s:92:25:92:Infinity":25,"s:93:8:93:Infinity":26,"s:100:8:108:Infinity":27,"f:100:22:100:Infinity":5,"s:102:19:102:Infinity":28,"s:103:6:103:Infinity":29,"s:104:6:104:Infinity":30,"s:105:6:105:Infinity":31,"s:111:8:146:Infinity":32,"f:111:20:111:Infinity":6,"s:116:20:116:Infinity":33,"b:117:6:123:Infinity:undefined:undefined:undefined:undefined":7,"s:117:6:123:Infinity":34,"b:117:10:117:19:117:19:117:35":8,"s:118:8:122:Infinity":35,"s:119:10:119:Infinity":36,"s:124:6:124:Infinity":37,"s:125:6:125:Infinity":38,"b:128:6:130:Infinity:undefined:undefined:undefined:undefined":9,"s:128:6:130:Infinity":39,"s:129:8:129:Infinity":40,"s:134:6:140:Infinity":41,"f:134:6:134:19":7,"s:135:34:135:Infinity":42,"s:136:8:139:Infinity":43,"f:138:36:138:44":8,"s:138:50:138:65":44,"s:142:6:142:Infinity":45,"s:143:6:143:Infinity":46,"s:149:8:149:Infinity":47,"s:150:2:150:Infinity":48,"s:152:2:339:Infinity":49,"f:152:2:152:18":9,"s:153:29:153:Infinity":50,"s:154:17:154:Infinity":51,"b:154:17:154:37:154:37:154:Infinity":10,"s:157:29:157:Infinity":52,"s:158:36:158:Infinity":53,"f:160:13:160:23":10,"s:161:19:161:Infinity":54,"s:162:6:162:Infinity":55,"s:164:6:181:Infinity":56,"f:164:14:164:23":11,"s:165:8:165:Infinity":57,"s:167:21:167:Infinity":58,"s:168:27:168:Infinity":59,"f:168:40:168:46":12,"s:168:52:168:63":60,"s:169:32:178:Infinity":61,"b:173:14:173:Infinity:174:14:177:Infinity":11,"f:176:32:176:40":13,"s:176:46:176:57":62,"s:179:8:179:Infinity":63,"s:180:8:180:Infinity":64,"s:183:6:214:Infinity":65,"f:183:14:183:24":14,"s:184:22:184:Infinity":66,"b:188:8:206:Infinity:undefined:undefined:undefined:undefined":12,"s:188:8:206:Infinity":67,"s:189:10:189:Infinity":68,"b:190:10:196:Infinity:undefined:undefined:undefined:undefined":13,"s:190:10:196:Infinity":69,"s:191:12:191:Infinity":70,"s:193:26:193:Infinity":71,"s:194:12:194:Infinity":72,"f:194:12:194:29":15,"s:194:29:194:48":73,"s:195:12:195:Infinity":74,"b:199:10:202:Infinity:undefined:undefined:undefined:undefined":14,"s:199:10:202:Infinity":75,"b:199:14:199:34:199:34:199:63":15,"s:200:12:200:Infinity":76,"s:201:12:201:Infinity":77,"s:204:10:204:Infinity":78,"s:205:10:205:Infinity":79,"b:209:8:212:Infinity:undefined:undefined:undefined:undefined":16,"s:209:8:212:Infinity":80,"s:210:10:210:Infinity":81,"s:211:10:211:Infinity":82,"s:213:8:213:Infinity":83,"s:216:6:226:Infinity":84,"f:216:14:216:36":16,"b:219:8:225:Infinity:undefined:undefined:undefined:undefined":17,"s:219:8:225:Infinity":85,"s:220:10:224:Infinity":86,"s:221:12:221:Infinity":87,"s:223:12:223:Infinity":88,"s:228:6:329:Infinity":89,"f:228:14:228:29":17,"b:231:8:237:Infinity:undefined:undefined:undefined:undefined":18,"s:231:8:237:Infinity":90,"s:232:10:235:Infinity":91,"f:232:18:232:32":18,"s:233:12:233:Infinity":92,"s:234:12:234:Infinity":93,"f:234:12:234:29":19,"s:234:29:234:43":94,"s:236:10:236:Infinity":95,"s:241:32:241:Infinity":96,"s:242:24:242:Infinity":97,"s:244:8:307:Infinity":98,"f:244:16:244:25":20,"b:245:10:245:Infinity:undefined:undefined:undefined:undefined":19,"s:245:10:245:Infinity":99,"s:245:35:245:Infinity":100,"s:246:22:246:Infinity":101,"b:247:10:247:Infinity:undefined:undefined:undefined:undefined":20,"s:247:10:247:Infinity":102,"s:247:49:247:Infinity":103,"s:248:10:248:Infinity":104,"b:250:10:287:Infinity:undefined:undefined:undefined:undefined":21,"s:250:10:287:Infinity":105,"s:251:43:251:Infinity":106,"s:252:27:252:Infinity":107,"b:256:12:273:Infinity:undefined:undefined:undefined:undefined":22,"s:256:12:273:Infinity":108,"b:265:14:271:Infinity:undefined:undefined:undefined:undefined":23,"s:265:14:271:Infinity":109,"s:266:16:269:Infinity":110,"s:270:16:270:Infinity":111,"f:270:16:270:33":21,"s:270:33:270:47":112,"s:272:14:272:Infinity":113,"b:275:12:279:Infinity:undefined:undefined:undefined:undefined":24,"s:275:12:279:Infinity":114,"s:277:14:277:Infinity":115,"s:278:14:278:Infinity":116,"s:282:40:282:Infinity":117,"s:283:12:283:Infinity":118,"s:284:12:284:Infinity":119,"s:285:12:285:Infinity":120,"f:285:12:285:31":22,"s:285:40:285:87":121,"f:285:49:285:57":23,"s:285:63:285:78":122,"s:286:12:286:Infinity":123,"b:289:10:297:Infinity:undefined:undefined:undefined:undefined":25,"s:289:10:297:Infinity":124,"b:292:12:292:Infinity:undefined:undefined:undefined:undefined":26,"s:292:12:292:Infinity":125,"b:292:16:292:49:292:49:292:90":27,"s:292:90:292:Infinity":126,"b:295:12:295:Infinity:undefined:undefined:undefined:undefined":28,"s:295:12:295:Infinity":127,"s:295:64:295:Infinity":128,"s:296:12:296:Infinity":129,"f:296:12:296:25":24,"s:296:34:296:75":130,"b:299:10:306:Infinity:undefined:undefined:undefined:undefined":29,"s:299:10:306:Infinity":131,"b:301:12:301:Infinity:undefined:undefined:undefined:undefined":30,"s:301:12:301:Infinity":132,"b:301:16:301:49:301:49:301:90":31,"s:301:90:301:Infinity":133,"b:302:12:302:Infinity:undefined:undefined:undefined:undefined":32,"s:302:12:302:Infinity":134,"s:302:64:302:Infinity":135,"s:303:29:303:Infinity":136,"f:303:58:303:64":25,"s:303:70:303:88":137,"b:304:12:304:Infinity:undefined:undefined:undefined:undefined":33,"s:304:12:304:Infinity":138,"b:304:16:304:29:304:29:304:46":34,"s:304:46:304:Infinity":139,"s:305:12:305:Infinity":140,"f:305:12:305:25":26,"s:305:34:305:65":141,"s:309:8:328:Infinity":142,"f:309:16:309:31":27,"b:310:10:315:Infinity:undefined:undefined:undefined:undefined":35,"s:310:10:315:Infinity":143,"s:311:12:311:Infinity":144,"s:312:12:312:Infinity":145,"s:313:12:313:Infinity":146,"f:313:12:313:31":28,"s:313:40:313:78":147,"f:313:45:313:53":29,"s:313:59:313:77":148,"s:314:12:314:Infinity":149,"b:319:10:319:Infinity:undefined:undefined:undefined:undefined":36,"s:319:10:319:Infinity":150,"s:319:62:319:Infinity":151,"s:320:10:320:Infinity":152,"s:321:10:321:Infinity":153,"s:322:10:327:Infinity":154,"f:322:10:322:23":30,"s:322:33:327:12":155,"f:324:34:324:39":31,"s:325:14:325:Infinity":156,"b:325:35:325:64:325:64:325:Infinity":37,"s:332:4:332:Infinity":157,"s:334:4:336:Infinity":158,"f:334:4:334:17":32,"s:335:6:335:Infinity":159,"s:341:8:351:Infinity":160,"f:341:24:341:37":33,"s:342:17:342:Infinity":161,"s:343:20:343:Infinity":162,"b:344:4:344:Infinity:undefined:undefined:undefined:undefined":38,"s:344:4:344:Infinity":163,"b:344:8:344:17:344:17:344:27":39,"s:344:27:344:Infinity":164,"s:346:4:346:Infinity":165,"s:347:4:347:Infinity":166,"s:348:4:348:Infinity":167,"f:348:4:348:23":34,"s:348:32:348:67":168,"f:348:37:348:45":35,"s:348:51:348:66":169,"s:350:4:350:Infinity":170,"s:353:8:362:Infinity":171,"f:353:21:353:34":36,"s:354:17:354:Infinity":172,"s:355:4:355:Infinity":173,"s:356:4:356:Infinity":174,"s:357:4:357:Infinity":175,"f:357:4:357:23":37,"s:357:32:357:67":176,"f:357:37:357:45":38,"s:357:51:357:66":177,"b:358:4:361:Infinity:undefined:undefined:undefined:undefined":40,"s:358:4:361:Infinity":178,"s:359:6:359:Infinity":179,"s:360:6:360:Infinity":180,"f:360:6:360:23":39,"s:360:23:360:37":181,"s:364:8:385:Infinity":182,"f:364:21:364:34":40,"s:365:17:365:Infinity":183,"s:366:25:366:Infinity":184,"s:368:4:368:Infinity":185,"s:369:4:369:Infinity":186,"s:371:4:374:Infinity":187,"f:371:4:371:17":41,"s:371:27:374:6":188,"f:373:28:373:36":42,"s:373:42:373:57":189,"b:376:4:379:Infinity:undefined:undefined:undefined:undefined":41,"s:376:4:379:Infinity":190,"s:377:6:377:Infinity":191,"s:378:6:378:Infinity":192,"f:378:6:378:23":43,"s:378:23:378:37":193,"b:381:4:384:Infinity:undefined:undefined:undefined:undefined":42,"s:381:4:384:Infinity":194,"s:382:6:382:Infinity":195,"s:383:6:383:Infinity":196,"s:387:8:395:Infinity":197,"f:387:23:387:Infinity":44,"s:389:21:389:Infinity":198,"b:390:6:390:Infinity:undefined:undefined:undefined:undefined":43,"s:390:6:390:Infinity":199,"s:390:19:390:Infinity":200,"b:391:6:391:Infinity:undefined:undefined:undefined:undefined":44,"s:391:6:391:Infinity":201,"b:391:10:391:43:391:43:391:84":45,"s:391:84:391:Infinity":202,"s:392:6:392:Infinity":203,"f:392:6:392:19":45,"s:392:28:392:62":204,"s:397:8:404:Infinity":205,"f:397:25:397:43":46,"s:398:19:398:Infinity":206,"b:399:4:399:Infinity:undefined:undefined:undefined:undefined":46,"s:399:4:399:Infinity":207,"s:399:17:399:Infinity":208,"b:400:4:400:Infinity:undefined:undefined:undefined:undefined":47,"s:400:4:400:Infinity":209,"b:400:8:400:41:400:41:400:82":48,"s:400:82:400:Infinity":210,"s:401:15:401:Infinity":211,"f:401:44:401:50":47,"s:401:56:401:71":212,"b:402:4:402:Infinity:undefined:undefined:undefined:undefined":49,"s:402:4:402:Infinity":213,"b:402:8:402:15:402:15:402:26":50,"s:402:26:402:Infinity":214,"s:403:4:403:Infinity":215,"f:403:4:403:17":48,"s:403:26:403:54":216,"s:406:8:408:Infinity":217,"f:406:17:406:35":49,"s:407:4:407:Infinity":218,"f:407:4:407:17":50,"s:407:26:407:43":219,"s:410:8:412:Infinity":220,"f:410:19:410:37":51,"s:411:4:411:Infinity":221,"f:411:4:411:17":52,"s:411:26:411:45":222,"s:414:8:419:Infinity":223,"f:414:19:414:32":53,"s:415:20:415:Infinity":224,"b:416:4:416:Infinity:undefined:undefined:undefined:undefined":51,"s:416:4:416:Infinity":225,"s:416:18:416:Infinity":226,"s:417:25:417:Infinity":227,"s:418:4:418:Infinity":228,"f:418:4:418:17":54,"s:418:26:418:52":229,"s:421:8:423:Infinity":230,"f:421:22:421:35":55,"s:422:4:422:Infinity":231,"f:422:4:422:17":56,"s:422:26:422:52":232,"s:425:8:427:Infinity":233,"f:425:22:425:35":57,"s:426:4:426:Infinity":234,"f:426:4:426:17":58,"s:426:26:426:52":235,"s:429:8:433:Infinity":236,"f:429:22:429:35":59,"s:430:20:430:Infinity":237,"b:431:4:431:Infinity:undefined:undefined:undefined:undefined":52,"s:431:4:431:Infinity":238,"s:431:18:431:Infinity":239,"s:432:4:432:Infinity":240,"f:432:4:432:17":60,"s:432:26:432:61":241,"s:435:8:437:Infinity":242,"f:435:20:435:38":61,"s:436:4:436:Infinity":243,"f:436:4:436:17":62,"s:436:26:436:46":244,"s:439:8:441:Infinity":245,"f:439:20:439:38":63,"s:440:4:440:Infinity":246,"f:440:4:440:17":64,"s:440:26:440:46":247,"s:443:2:461:Infinity":248}}}
,"D:\\IdeaProjects\\planning-poker\\src\\hooks\\useTheme.ts": {"path":"D:\\IdeaProjects\\planning-poker\\src\\hooks\\useTheme.ts","statementMap":{"0":{"start":{"line":6,"column":20},"end":{"line":6,"column":null}},"1":{"start":{"line":9,"column":2},"end":{"line":12,"column":null}},"2":{"start":{"line":10,"column":16},"end":{"line":10,"column":null}},"3":{"start":{"line":11,"column":4},"end":{"line":11,"column":null}},"4":{"start":{"line":11,"column":63},"end":{"line":11,"column":null}},"5":{"start":{"line":13,"column":2},"end":{"line":13,"column":null}},"6":{"start":{"line":17,"column":2},"end":{"line":17,"column":null}},"7":{"start":{"line":21,"column":34},"end":{"line":21,"column":null}},"8":{"start":{"line":22,"column":15},"end":{"line":22,"column":null}},"9":{"start":{"line":23,"column":2},"end":{"line":24,"column":null}},"10":{"start":{"line":23,"column":27},"end":{"line":23,"column":null}},"11":{"start":{"line":24,"column":7},"end":{"line":24,"column":null}},"12":{"start":{"line":25,"column":2},"end":{"line":25,"column":null}},"13":{"start":{"line":29,"column":21},"end":{"line":29,"column":null}},"14":{"start":{"line":30,"column":19},"end":{"line":32,"column":null}},"15":{"start":{"line":31,"column":4},"end":{"line":31,"column":null}},"16":{"start":{"line":34,"column":2},"end":{"line":39,"column":null}},"17":{"start":{"line":35,"column":4},"end":{"line":35,"column":null}},"18":{"start":{"line":36,"column":4},"end":{"line":38,"column":null}},"19":{"start":{"line":37,"column":6},"end":{"line":37,"column":null}},"20":{"start":{"line":41,"column":2},"end":{"line":47,"column":null}},"21":{"start":{"line":42,"column":4},"end":{"line":42,"column":null}},"22":{"start":{"line":42,"column":33},"end":{"line":42,"column":null}},"23":{"start":{"line":43,"column":15},"end":{"line":43,"column":null}},"24":{"start":{"line":44,"column":10},"end":{"line":44,"column":null}},"25":{"start":{"line":44,"column":27},"end":{"line":44,"column":null}},"26":{"start":{"line":45,"column":4},"end":{"line":45,"column":null}},"27":{"start":{"line":46,"column":4},"end":{"line":46,"column":null}},"28":{"start":{"line":46,"column":17},"end":{"line":46,"column":null}},"29":{"start":{"line":49,"column":8},"end":{"line":51,"column":null}},"30":{"start":{"line":50,"column":4},"end":{"line":50,"column":null}},"31":{"start":{"line":50,"column":26},"end":{"line":50,"column":87}},"32":{"start":{"line":53,"column":2},"end":{"line":53,"column":null}}},"fnMap":{"0":{"name":"getStored","decl":{"start":{"line":8,"column":9},"end":{"line":8,"column":38}},"loc":{"start":{"line":8,"column":38},"end":{"line":14,"column":null}},"line":8},"1":{"name":"systemDark","decl":{"start":{"line":16,"column":9},"end":{"line":16,"column":31}},"loc":{"start":{"line":16,"column":31},"end":{"line":18,"column":null}},"line":16},"2":{"name":"applyTheme","decl":{"start":{"line":20,"column":9},"end":{"line":20,"column":20}},"loc":{"start":{"line":20,"column":58},"end":{"line":26,"column":null}},"line":20},"3":{"name":"useTheme","decl":{"start":{"line":28,"column":16},"end":{"line":28,"column":27}},"loc":{"start":{"line":28,"column":27},"end":{"line":54,"column":null}},"line":28},"4":{"name":"(anonymous_4)","decl":{"start":{"line":30,"column":34},"end":{"line":30,"column":null}},"loc":{"start":{"line":31,"column":4},"end":{"line":31,"column":null}},"line":31},"5":{"name":"(anonymous_5)","decl":{"start":{"line":34,"column":2},"end":{"line":34,"column":18}},"loc":{"start":{"line":34,"column":18},"end":{"line":39,"column":5}},"line":34},"6":{"name":"(anonymous_6)","decl":{"start":{"line":41,"column":2},"end":{"line":41,"column":18}},"loc":{"start":{"line":41,"column":18},"end":{"line":47,"column":5}},"line":41},"7":{"name":"(anonymous_7)","decl":{"start":{"line":44,"column":10},"end":{"line":44,"column":27}},"loc":{"start":{"line":44,"column":27},"end":{"line":44,"column":null}},"line":44},"8":{"name":"(anonymous_8)","decl":{"start":{"line":46,"column":4},"end":{"line":46,"column":17}},"loc":{"start":{"line":46,"column":17},"end":{"line":46,"column":null}},"line":46},"9":{"name":"(anonymous_9)","decl":{"start":{"line":49,"column":16},"end":{"line":49,"column":34}},"loc":{"start":{"line":49,"column":34},"end":{"line":51,"column":5}},"line":49},"10":{"name":"(anonymous_10)","decl":{"start":{"line":50,"column":4},"end":{"line":50,"column":19}},"loc":{"start":{"line":50,"column":26},"end":{"line":50,"column":87}},"line":50}},"branchMap":{"0":{"loc":{"start":{"line":11,"column":4},"end":{"line":11,"column":null}},"type":"if","locations":[{"start":{"line":11,"column":4},"end":{"line":11,"column":null}},{"start":{},"end":{}}],"line":11},"1":{"loc":{"start":{"line":11,"column":8},"end":{"line":11,"column":63}},"type":"binary-expr","locations":[{"start":{"line":11,"column":8},"end":{"line":11,"column":27}},{"start":{"line":11,"column":27},"end":{"line":11,"column":45}},{"start":{"line":11,"column":45},"end":{"line":11,"column":63}}],"line":11},"2":{"loc":{"start":{"line":21,"column":34},"end":{"line":21,"column":null}},"type":"cond-expr","locations":[{"start":{"line":21,"column":55},"end":{"line":21,"column":90}},{"start":{"line":21,"column":90},"end":{"line":21,"column":null}}],"line":21},"3":{"loc":{"start":{"line":21,"column":55},"end":{"line":21,"column":90}},"type":"cond-expr","locations":[{"start":{"line":21,"column":70},"end":{"line":21,"column":79}},{"start":{"line":21,"column":79},"end":{"line":21,"column":90}}],"line":21},"4":{"loc":{"start":{"line":23,"column":2},"end":{"line":24,"column":null}},"type":"if","locations":[{"start":{"line":23,"column":2},"end":{"line":24,"column":null}},{"start":{"line":24,"column":7},"end":{"line":24,"column":null}}],"line":23},"5":{"loc":{"start":{"line":31,"column":4},"end":{"line":31,"column":null}},"type":"cond-expr","locations":[{"start":{"line":31,"column":31},"end":{"line":31,"column":66}},{"start":{"line":31,"column":66},"end":{"line":31,"column":null}}],"line":31},"6":{"loc":{"start":{"line":31,"column":31},"end":{"line":31,"column":66}},"type":"cond-expr","locations":[{"start":{"line":31,"column":46},"end":{"line":31,"column":55}},{"start":{"line":31,"column":55},"end":{"line":31,"column":66}}],"line":31},"7":{"loc":{"start":{"line":42,"column":4},"end":{"line":42,"column":null}},"type":"if","locations":[{"start":{"line":42,"column":4},"end":{"line":42,"column":null}},{"start":{},"end":{}}],"line":42},"8":{"loc":{"start":{"line":50,"column":26},"end":{"line":50,"column":87}},"type":"cond-expr","locations":[{"start":{"line":50,"column":43},"end":{"line":50,"column":53}},{"start":{"line":50,"column":53},"end":{"line":50,"column":87}}],"line":50},"9":{"loc":{"start":{"line":50,"column":53},"end":{"line":50,"column":87}},"type":"cond-expr","locations":[{"start":{"line":50,"column":69},"end":{"line":50,"column":78}},{"start":{"line":50,"column":78},"end":{"line":50,"column":87}}],"line":50}},"s":{"0":4,"1":29,"2":29,"3":29,"4":6,"5":23,"6":58,"7":29,"8":29,"9":29,"10":0,"11":29,"12":29,"13":90,"14":90,"15":29,"16":90,"17":29,"18":29,"19":29,"20":90,"21":29,"22":0,"23":29,"24":29,"25":0,"26":29,"27":29,"28":29,"29":90,"30":0,"31":0,"32":90},"f":{"0":29,"1":58,"2":29,"3":90,"4":29,"5":29,"6":29,"7":0,"8":29,"9":0,"10":0},"b":{"0":[6,23],"1":[29,29,29],"2":[29,0],"3":[0,29],"4":[0,29],"5":[29,0],"6":[0,29],"7":[0,29],"8":[0,0],"9":[0,0]},"meta":{"lastBranch":10,"lastFunction":11,"lastStatement":33,"seen":{"s:6:20:6:Infinity":0,"f:8:9:8:38":0,"s:9:2:12:Infinity":1,"s:10:16:10:Infinity":2,"b:11:4:11:Infinity:undefined:undefined:undefined:undefined":0,"s:11:4:11:Infinity":3,"b:11:8:11:27:11:27:11:45:11:45:11:63":1,"s:11:63:11:Infinity":4,"s:13:2:13:Infinity":5,"f:16:9:16:31":1,"s:17:2:17:Infinity":6,"f:20:9:20:20":2,"s:21:34:21:Infinity":7,"b:21:55:21:90:21:90:21:Infinity":2,"b:21:70:21:79:21:79:21:90":3,"s:22:15:22:Infinity":8,"b:23:2:24:Infinity:24:7:24:Infinity":4,"s:23:2:24:Infinity":9,"s:23:27:23:Infinity":10,"s:24:7:24:Infinity":11,"s:25:2:25:Infinity":12,"f:28:16:28:27":3,"s:29:21:29:Infinity":13,"s:30:19:32:Infinity":14,"f:30:34:30:Infinity":4,"s:31:4:31:Infinity":15,"b:31:31:31:66:31:66:31:Infinity":5,"b:31:46:31:55:31:55:31:66":6,"s:34:2:39:Infinity":16,"f:34:2:34:18":5,"s:35:4:35:Infinity":17,"s:36:4:38:Infinity":18,"s:37:6:37:Infinity":19,"s:41:2:47:Infinity":20,"f:41:2:41:18":6,"b:42:4:42:Infinity:undefined:undefined:undefined:undefined":7,"s:42:4:42:Infinity":21,"s:42:33:42:Infinity":22,"s:43:15:43:Infinity":23,"s:44:10:44:Infinity":24,"f:44:10:44:27":7,"s:44:27:44:Infinity":25,"s:45:4:45:Infinity":26,"s:46:4:46:Infinity":27,"f:46:4:46:17":8,"s:46:17:46:Infinity":28,"s:49:8:51:Infinity":29,"f:49:16:49:34":9,"s:50:4:50:Infinity":30,"f:50:4:50:19":10,"s:50:26:50:87":31,"b:50:43:50:53:50:53:50:87":8,"b:50:69:50:78:50:78:50:87":9,"s:53:2:53:Infinity":32}}}
}
